<?xml version="1.0" encoding="utf-8"?>
<TestRun id="2af28bb7-ce53-4ce2-912b-e8e5abdeb74c" name="@josh-pc 2026-02-05 05:02:33" xmlns="http://microsoft.com/schemas/VisualStudio/TeamTest/2010">
  <Times creation="2026-02-05T05:02:33.3696718-08:00" queuing="2026-02-05T05:02:33.3696719-08:00" start="2026-02-05T05:02:27.4663969-08:00" finish="2026-02-05T05:02:33.3736631-08:00" />
  <TestSettings name="default" id="3b21fc4c-7f84-4b41-bd39-16996c594e56">
    <Deployment runDeploymentRoot="_josh-pc_2026-02-05_05_02_33" />
  </TestSettings>
  <Results>
    <UnitTestResult executionId="1de74e77-9697-43a5-94ac-0fe4275197be" testId="17e62d4c-ec22-5395-e7ae-a857ebe21890" testName="Pitbull.Tests.Integration.Api.BidsEndpointsTests.Can_create_get_and_list_bids_when_authenticated" computerName="josh-pc" duration="00:00:00.6822195" startTime="2026-02-05T05:02:31.0333624-08:00" endTime="2026-02-05T05:02:32.9818667-08:00" testType="13cdc9d9-ddb5-4fa4-a97d-d965ccfc6d4b" outcome="Failed" testListId="8c84fa94-04c1-424b-9868-57a2d4851a1d" relativeResultsDirectory="1de74e77-9697-43a5-94ac-0fe4275197be">
      <Output>
        <ErrorInfo>
          <Message>Expected 201 Created but got 500 InternalServerError. Body: {"error":"An unexpected error occurred","traceId":"0HNJ4MR9HQJM5","correlationId":"1990bb20-21b3-4fe2-a4ec-cc8b045e19f8","exception":"Microsoft.EntityFrameworkCore.DbUpdateException: An error occurred while saving the entity changes. See the inner exception for details.\n ---\u003E Npgsql.PostgresException (0x80004005): 42501: new row violates row-level security policy for table \u0022bids\u0022\n   at Npgsql.Internal.NpgsqlConnector.ReadMessageLong(Boolean async, DataRowLoadingMode dataRowLoadingMode, Boolean readingNotifications, Boolean isReadingPrependedMessage)\n   at System.Runtime.CompilerServices.PoolingAsyncValueTaskMethodBuilder\u00601.StateMachineBox\u00601.System.Threading.Tasks.Sources.IValueTaskSource\u003CTResult\u003E.GetResult(Int16 token)\n   at Npgsql.NpgsqlDataReader.NextResult(Boolean async, Boolean isConsuming, CancellationToken cancellationToken)\n   at Npgsql.NpgsqlDataReader.NextResult(Boolean async, Boolean isConsuming, CancellationToken cancellationToken)\n   at Npgsql.NpgsqlCommand.ExecuteReader(Boolean async, CommandBehavior behavior, CancellationToken cancellationToken)\n   at Npgsql.NpgsqlCommand.ExecuteReader(Boolean async, CommandBehavior behavior, CancellationToken cancellationToken)\n   at Npgsql.NpgsqlCommand.ExecuteDbDataReaderAsync(CommandBehavior behavior, CancellationToken cancellationToken)\n   at Microsoft.EntityFrameworkCore.Storage.RelationalCommand.ExecuteReaderAsync(RelationalCommandParameterObject parameterObject, CancellationToken cancellationToken)\n   at Microsoft.EntityFrameworkCore.Storage.RelationalCommand.ExecuteReaderAsync(RelationalCommandParameterObject parameterObject, CancellationToken cancellationToken)\n   at Microsoft.EntityFrameworkCore.Update.ReaderModificationCommandBatch.ExecuteAsync(IRelationalConnection connection, CancellationToken cancellationToken)\n  Exception data:\n    Severity: ERROR\n    SqlState: 42501\n    MessageText: new row violates row-level security policy for table \u0022bids\u0022\n    File: execMain.c\n    Line: 2199\n    Routine: ExecWithCheckOptions\n   --- End of inner exception stack trace ---\n   at Microsoft.EntityFrameworkCore.Update.ReaderModificationCommandBatch.ExecuteAsync(IRelationalConnection connection, CancellationToken cancellationToken)\n   at Microsoft.EntityFrameworkCore.Update.Internal.BatchExecutor.ExecuteAsync(IEnumerable\u00601 commandBatches, IRelationalConnection connection, CancellationToken cancellationToken)\n   at Microsoft.EntityFrameworkCore.Update.Internal.BatchExecutor.ExecuteAsync(IEnumerable\u00601 commandBatches, IRelationalConnection connection, CancellationToken cancellationToken)\n   at Microsoft.EntityFrameworkCore.Update.Internal.BatchExecutor.ExecuteAsync(IEnumerable\u00601 commandBatches, IRelationalConnection connection, CancellationToken cancellationToken)\n   at Microsoft.EntityFrameworkCore.Storage.RelationalDatabase.SaveChangesAsync(IList\u00601 entries, CancellationToken cancellationToken)\n   at Microsoft.EntityFrameworkCore.ChangeTracking.Internal.StateManager.SaveChangesAsync(IList\u00601 entriesToSave, CancellationToken cancellationToken)\n   at Microsoft.EntityFrameworkCore.ChangeTracking.Internal.StateManager.SaveChangesAsync(StateManager stateManager, Boolean acceptAllChangesOnSuccess, CancellationToken cancellationToken)\n   at Microsoft.EntityFrameworkCore.Storage.ExecutionStrategy.\u003C\u003Ec__DisplayClass30_0\u00602.\u003C\u003CExecuteAsync\u003Eb__0\u003Ed.MoveNext()\n--- End of stack trace from previous location ---\n   at Microsoft.EntityFrameworkCore.Storage.ExecutionStrategy.ExecuteImplementationAsync[TState,TResult](Func\u00604 operation, Func\u00604 verifySucceeded, TState state, CancellationToken cancellationToken)\n   at Microsoft.EntityFrameworkCore.Storage.ExecutionStrategy.ExecuteImplementationAsync[TState,TResult](Func\u00604 operation, Func\u00604 verifySucceeded, TState state, CancellationToken cancellationToken)\n   at Microsoft.EntityFrameworkCore.Storage.ExecutionStrategy.ExecuteAsync[TState,TResult](TState state, Func\u00604 operation, Func\u00604 verifySucceeded, CancellationToken cancellationToken)\n   at Microsoft.EntityFrameworkCore.DbContext.SaveChangesAsync(Boolean acceptAllChangesOnSuccess, CancellationToken cancellationToken)\n   at Microsoft.EntityFrameworkCore.DbContext.SaveChangesAsync(Boolean acceptAllChangesOnSuccess, CancellationToken cancellationToken)\n   at Pitbull.Core.Data.PitbullDbContext.SaveChangesAsync(CancellationToken cancellationToken) in /mnt/c/pitbull/src/Modules/Pitbull.Core/Data/PitbullDbContext.cs:line 131\n   at Pitbull.Bids.Features.CreateBid.CreateBidHandler.Handle(CreateBidCommand request, CancellationToken cancellationToken) in /mnt/c/pitbull/src/Modules/Pitbull.Bids/Features/CreateBid/CreateBidHandler.cs:line 42\n   at Pitbull.Core.CQRS.ValidationBehavior\u00602.Handle(TRequest request, RequestHandlerDelegate\u00601 next, CancellationToken cancellationToken) in /mnt/c/pitbull/src/Modules/Pitbull.Core/CQRS/ValidationBehavior.cs:line 40\n   at Pitbull.Api.Controllers.BidsController.Create(CreateBidCommand command) in /mnt/c/pitbull/src/Pitbull.Api/Controllers/BidsController.cs:line 73\n   at Microsoft.AspNetCore.Mvc.Infrastructure.ActionMethodExecutor.TaskOfIActionResultExecutor.Execute(ActionContext actionContext, IActionResultTypeMapper mapper, ObjectMethodExecutor executor, Object controller, Object[] arguments)\n   at Microsoft.AspNetCore.Mvc.Infrastructure.ControllerActionInvoker.\u003CInvokeActionMethodAsync\u003Eg__Awaited|12_0(ControllerActionInvoker invoker, ValueTask\u00601 actionResultValueTask)\n   at Microsoft.AspNetCore.Mvc.Infrastructure.ControllerActionInvoker.\u003CInvokeNextActionFilterAsync\u003Eg__Awaited|10_0(ControllerActionInvoker invoker, Task lastTask, State next, Scope scope, Object state, Boolean isCompleted)\n   at Microsoft.AspNetCore.Mvc.Infrastructure.ControllerActionInvoker.Rethrow(ActionExecutedContextSealed context)\n   at Microsoft.AspNetCore.Mvc.Infrastructure.ControllerActionInvoker.Next(State\u0026 next, Scope\u0026 scope, Object\u0026 state, Boolean\u0026 isCompleted)\n   at Microsoft.AspNetCore.Mvc.Infrastructure.ControllerActionInvoker.\u003CInvokeInnerFilterAsync\u003Eg__Awaited|13_0(ControllerActionInvoker invoker, Task lastTask, State next, Scope scope, Object state, Boolean isCompleted)\n   at Microsoft.AspNetCore.Mvc.Infrastructure.ResourceInvoker.\u003CInvokeFilterPipelineAsync\u003Eg__Awaited|20_0(ResourceInvoker invoker, Task lastTask, State next, Scope scope, Object state, Boolean isCompleted)\n   at Microsoft.AspNetCore.Mvc.Infrastructure.ResourceInvoker.\u003CInvokeAsync\u003Eg__Logged|17_1(ResourceInvoker invoker)\n   at Microsoft.AspNetCore.Mvc.Infrastructure.ResourceInvoker.\u003CInvokeAsync\u003Eg__Logged|17_1(ResourceInvoker invoker)\n   at Microsoft.AspNetCore.Routing.EndpointMiddleware.\u003CInvoke\u003Eg__AwaitRequestTask|7_0(Endpoint endpoint, Task requestTask, ILogger logger)\n   at Microsoft.AspNetCore.Authorization.AuthorizationMiddleware.Invoke(HttpContext context)\n   at Pitbull.Core.MultiTenancy.TenantMiddleware.InvokeAsync(HttpContext context, TenantContext tenantContext, PitbullDbContext db) in /mnt/c/pitbull/src/Modules/Pitbull.Core/MultiTenancy/TenantMiddleware.cs:line 34\n   at Microsoft.AspNetCore.Authentication.AuthenticationMiddleware.Invoke(HttpContext context)\n   at Microsoft.AspNetCore.RateLimiting.RateLimitingMiddleware.InvokeInternal(HttpContext context, EnableRateLimitingAttribute enableRateLimitingAttribute)\n   at Microsoft.AspNetCore.Http.Timeouts.RequestTimeoutsMiddleware.\u003C\u003Ec__DisplayClass5_0.\u003C\u003CInvoke\u003Eg__SetTimeoutAsync|0\u003Ed.MoveNext()\n--- End of stack trace from previous location ---\n   at Serilog.AspNetCore.RequestLoggingMiddleware.Invoke(HttpContext httpContext)\n   at Swashbuckle.AspNetCore.SwaggerUI.SwaggerUIMiddleware.Invoke(HttpContext httpContext)\n   at Swashbuckle.AspNetCore.Swagger.SwaggerMiddleware.Invoke(HttpContext httpContext, ISwaggerProvider swaggerProvider)\n   at Pitbull.Api.Middleware.RequestSizeLimitMiddleware.InvokeAsync(HttpContext context) in /mnt/c/pitbull/src/Pitbull.Api/Middleware/RequestSizeLimitMiddleware.cs:line 50\n   at Pitbull.Api.Middleware.RequestResponseLoggingMiddleware.InvokeAsync(HttpContext context) in /mnt/c/pitbull/src/Pitbull.Api/Middleware/RequestResponseLoggingMiddleware.cs:line 31\n   at Pitbull.Api.Middleware.RequestResponseLoggingMiddleware.InvokeAsync(HttpContext context) in /mnt/c/pitbull/src/Pitbull.Api/Middleware/RequestResponseLoggingMiddleware.cs:line 50\n   at Pitbull.Api.Middleware.CorrelationIdMiddleware.InvokeAsync(HttpContext context) in /mnt/c/pitbull/src/Pitbull.Api/Middleware/CorrelationIdMiddleware.cs:line 24\n   at Pitbull.Api.Middleware.SecurityHeadersMiddleware.InvokeAsync(HttpContext context) in /mnt/c/pitbull/src/Pitbull.Api/Middleware/SecurityHeadersMiddleware.cs:line 38\n   at Pitbull.Api.Middleware.ExceptionMiddleware.InvokeAsync(HttpContext context) in /mnt/c/pitbull/src/Pitbull.Api/Middleware/ExceptionMiddleware.cs:line 12"}</Message>
          <StackTrace>   at Pitbull.Tests.Integration.Api.BidsEndpointsTests.Can_create_get_and_list_bids_when_authenticated() in /mnt/c/pitbull/tests/Pitbull.Tests.Integration/Api/BidsEndpointsTests.cs:line 69
--- End of stack trace from previous location ---</StackTrace>
        </ErrorInfo>
      </Output>
    </UnitTestResult>
  </Results>
  <TestDefinitions>
    <UnitTest name="Pitbull.Tests.Integration.Api.BidsEndpointsTests.Can_create_get_and_list_bids_when_authenticated" storage="/mnt/c/pitbull/tests/pitbull.tests.integration/bin/debug/net9.0/pitbull.tests.integration.dll" id="17e62d4c-ec22-5395-e7ae-a857ebe21890">
      <Execution id="1de74e77-9697-43a5-94ac-0fe4275197be" />
      <TestMethod codeBase="/mnt/c/pitbull/tests/Pitbull.Tests.Integration/bin/Debug/net9.0/Pitbull.Tests.Integration.dll" adapterTypeName="executor://xunit/VsTestRunner3/netcore/" className="Pitbull.Tests.Integration.Api.BidsEndpointsTests" name="Can_create_get_and_list_bids_when_authenticated" />
    </UnitTest>
  </TestDefinitions>
  <TestEntries>
    <TestEntry testId="17e62d4c-ec22-5395-e7ae-a857ebe21890" executionId="1de74e77-9697-43a5-94ac-0fe4275197be" testListId="8c84fa94-04c1-424b-9868-57a2d4851a1d" />
  </TestEntries>
  <TestLists>
    <TestList name="Results Not in a List" id="8c84fa94-04c1-424b-9868-57a2d4851a1d" />
    <TestList name="All Loaded Results" id="19431567-8539-422a-85d7-44ee4e166bda" />
  </TestLists>
  <ResultSummary outcome="Failed">
    <Counters total="1" executed="1" passed="0" failed="1" error="0" timeout="0" aborted="0" inconclusive="0" passedButRunAborted="0" notRunnable="0" notExecuted="0" disconnected="0" warning="0" completed="0" inProgress="0" pending="0" />
    <Output>
      <StdOut>[xUnit.net 00:00:00.00] xUnit.net VSTest Adapter v3.1.5+1b188a7b0a (64-bit .NET 9.0.4)
[xUnit.net 00:00:00.06]   Discovering: Pitbull.Tests.Integration
[xUnit.net 00:00:00.08]   Discovered:  Pitbull.Tests.Integration
[xUnit.net 00:00:00.10]   Starting:    Pitbull.Tests.Integration
[testcontainers.org 00:00:00.05] Connected to Docker:
  Host: unix:///var/run/docker.sock
  Server Version: 29.1.5
  Kernel Version: 6.6.87.2-microsoft-standard-WSL2
  API Version: 1.52
  Operating System: Docker Desktop
  Total Memory: 15.51 GB
[testcontainers.org 00:00:00.18] Docker container 25dbee5fae24 created
[testcontainers.org 00:00:00.21] Start Docker container 25dbee5fae24
[testcontainers.org 00:00:00.39] Wait for Docker container 25dbee5fae24 to complete readiness checks
[testcontainers.org 00:00:00.40] Docker container 25dbee5fae24 ready
[testcontainers.org 00:00:00.57] Docker container f2f9578e2042 created
[testcontainers.org 00:00:00.58] Start Docker container f2f9578e2042
[testcontainers.org 00:00:00.78] Wait for Docker container f2f9578e2042 to complete readiness checks
[testcontainers.org 00:00:00.80] Execute "pg_isready --host localhost --dbname pitbull_test --username pitbull" at Docker container f2f9578e2042
[testcontainers.org 00:00:01.88] Execute "pg_isready --host localhost --dbname pitbull_test --username pitbull" at Docker container f2f9578e2042
[testcontainers.org 00:00:02.97] Execute "pg_isready --host localhost --dbname pitbull_test --username pitbull" at Docker container f2f9578e2042
[testcontainers.org 00:00:03.03] Docker container f2f9578e2042 ready
[05:02:31 WRN] You do not have a valid license key for the Lucky Penny software MediatR. This is allowed for development and testing scenarios. If you are running in production you are required to have a licensed version. Please visit https://luckypennysoftware.com to obtain a valid license.
[05:02:31 WRN] You do not have a valid license key for the Lucky Penny software MediatR. This is allowed for development and testing scenarios. If you are running in production you are required to have a licensed version. Please visit https://luckypennysoftware.com to obtain a valid license.
[05:02:31 ERR] Failed executing DbCommand (3ms) [Parameters=[], CommandType='Text', CommandTimeout='30']
SELECT "MigrationId", "ProductVersion"
FROM "__EFMigrationsHistory"
ORDER BY "MigrationId";
[05:02:31 ERR] Failed executing DbCommand (3ms) [Parameters=[], CommandType='Text', CommandTimeout='30']
SELECT "MigrationId", "ProductVersion"
FROM "__EFMigrationsHistory"
ORDER BY "MigrationId";
[05:02:32 INF] User profile is available. Using '/home/jgarrison/.aspnet/DataProtection-Keys' as key repository; keys will not be encrypted at rest.
[05:02:32 INF] User profile is available. Using '/home/jgarrison/.aspnet/DataProtection-Keys' as key repository; keys will not be encrypted at rest.
[05:02:32 DBG] Hosting starting
[05:02:32 DBG] Hosting starting
[05:02:32 DBG] Hosting started
[05:02:32 DBG] Hosting started
[05:02:32 INF] Request starting HTTP/1.1 GET http://localhost/health/live - null null
[05:02:32 INF] Request starting HTTP/1.1 GET http://localhost/health/live - null null
[05:02:32 INF] Executing endpoint 'Health checks'
[05:02:32 INF] Executing endpoint 'Health checks'
[05:02:32 DBG] Running health checks
[05:02:32 DBG] Running health checks
[05:02:32 DBG] Running health check self
[05:02:32 DBG] Running health check self
[05:02:32 DBG] Health check self with status Healthy completed after 0.6147ms with message 'API is running'
[05:02:32 DBG] Health check self with status Healthy completed after 0.6147ms with message 'API is running'
[05:02:32 DBG] Health check processing with combined status Healthy completed after 7.4596ms
[05:02:32 DBG] Health check processing with combined status Healthy completed after 7.4596ms
[05:02:32 INF] Executed endpoint 'Health checks'
[05:02:32 INF] Executed endpoint 'Health checks'
[05:02:32 INF] HTTP GET /health/live responded 200 in 67.2764 ms
[05:02:32 INF] HTTP GET /health/live responded 200 in 67.2764 ms
[05:02:32 INF] Request finished HTTP/1.1 GET http://localhost/health/live - 200 null application/json 96.4938ms
[05:02:32 INF] Request finished HTTP/1.1 GET http://localhost/health/live - 200 null application/json 96.4938ms
[05:02:32 INF] Request starting HTTP/1.1 POST http://localhost/api/auth/register - application/json; charset=utf-8 231
[05:02:32 INF] Request starting HTTP/1.1 POST http://localhost/api/auth/register - application/json; charset=utf-8 231
[05:02:32 INF] API Request. CorrelationId: 5b9e1383-fcfe-42de-8724-4c11ec0279c8, Request: {"Method": "POST", "Path": {"Value": "/api/auth/register", "HasValue": true, "$type": "PathString"}, "QueryString": "", "Headers": {"Content-Type": "application/json; charset=utf-8", "Content-Length": "231", "Host": "localhost"}, "Body": "{\"email\":\"\\u0022test-ae580046a9894eb38af88ec35556f7c7@example.com\\u0022\",\"password\":\"[REDACTED]\",\"firstName\":\"\\u0022Test\\u0022\",\"lastName\":\"\\u0022User\\u0022\",\"tenantId\":\"\\u002200000000-0000-0000-0000-000000000000\\u0022\",\"companyName\":\"\\u0022TestCo-b6b64265d38e4f798ef4a586c5783e3b\\u0022\"}"}
[05:02:32 INF] API Request. CorrelationId: 5b9e1383-fcfe-42de-8724-4c11ec0279c8, Request: {"Method": "POST", "Path": {"Value": "/api/auth/register", "HasValue": true, "$type": "PathString"}, "QueryString": "", "Headers": {"Content-Type": "application/json; charset=utf-8", "Content-Length": "231", "Host": "localhost"}, "Body": "{\"email\":\"\\u0022test-ae580046a9894eb38af88ec35556f7c7@example.com\\u0022\",\"password\":\"[REDACTED]\",\"firstName\":\"\\u0022Test\\u0022\",\"lastName\":\"\\u0022User\\u0022\",\"tenantId\":\"\\u002200000000-0000-0000-0000-000000000000\\u0022\",\"companyName\":\"\\u0022TestCo-b6b64265d38e4f798ef4a586c5783e3b\\u0022\"}"}
[05:02:32 INF] Executing endpoint 'Pitbull.Api.Controllers.AuthController.Register (Pitbull.Api)'
[05:02:32 INF] Executing endpoint 'Pitbull.Api.Controllers.AuthController.Register (Pitbull.Api)'
[05:02:32 INF] Route matched with {action = "Register", controller = "Auth"}. Executing controller action with signature System.Threading.Tasks.Task`1[Microsoft.AspNetCore.Mvc.IActionResult] Register(Pitbull.Api.Controllers.RegisterRequest) on controller Pitbull.Api.Controllers.AuthController (Pitbull.Api).
[05:02:32 INF] Route matched with {action = "Register", controller = "Auth"}. Executing controller action with signature System.Threading.Tasks.Task`1[Microsoft.AspNetCore.Mvc.IActionResult] Register(Pitbull.Api.Controllers.RegisterRequest) on controller Pitbull.Api.Controllers.AuthController (Pitbull.Api).
[05:02:32 INF] Executed DbCommand (4ms) [Parameters=[@__slug_0='?'], CommandType='Text', CommandTimeout='30']
SELECT EXISTS (
    SELECT 1
    FROM tenants AS t
    WHERE t."Slug" = @__slug_0)
[05:02:32 INF] Executed DbCommand (4ms) [Parameters=[@__slug_0='?'], CommandType='Text', CommandTimeout='30']
SELECT EXISTS (
    SELECT 1
    FROM tenants AS t
    WHERE t."Slug" = @__slug_0)
[05:02:32 INF] Executed DbCommand (4ms) [Parameters=[@p0='?' (DbType = Guid), @p1='?', @p2='?' (DbType = DateTime), @p3='?', @p4='?' (DbType = Int32), @p5='?' (DbType = Object), @p6='?', @p7='?' (DbType = Int32), @p8='?' (DbType = DateTime)], CommandType='Text', CommandTimeout='30']
INSERT INTO tenants ("Id", "ConnectionString", "CreatedAt", "Name", "Plan", "Settings", "Slug", "Status", "UpdatedAt")
VALUES (@p0, @p1, @p2, @p3, @p4, @p5, @p6, @p7, @p8);
[05:02:32 INF] Executed DbCommand (4ms) [Parameters=[@p0='?' (DbType = Guid), @p1='?', @p2='?' (DbType = DateTime), @p3='?', @p4='?' (DbType = Int32), @p5='?' (DbType = Object), @p6='?', @p7='?' (DbType = Int32), @p8='?' (DbType = DateTime)], CommandType='Text', CommandTimeout='30']
INSERT INTO tenants ("Id", "ConnectionString", "CreatedAt", "Name", "Plan", "Settings", "Slug", "Status", "UpdatedAt")
VALUES (@p0, @p1, @p2, @p3, @p4, @p5, @p6, @p7, @p8);
[05:02:32 INF] Executed DbCommand (1ms) [Parameters=[@__normalizedUserName_0='?'], CommandType='Text', CommandTimeout='30']
SELECT u."Id", u."AccessFailedCount", u."ConcurrencyStamp", u."CreatedAt", u."Email", u."EmailConfirmed", u."FirstName", u."LastLoginAt", u."LastName", u."LockoutEnabled", u."LockoutEnd", u."NormalizedEmail", u."NormalizedUserName", u."PasswordHash", u."PhoneNumber", u."PhoneNumberConfirmed", u."RefreshToken", u."RefreshTokenExpiryTime", u."SecurityStamp", u."Status", u."TenantId", u."Title", u."TwoFactorEnabled", u."Type", u."UserName"
FROM users AS u
WHERE u."NormalizedUserName" = @__normalizedUserName_0
LIMIT 1
[05:02:32 INF] Executed DbCommand (1ms) [Parameters=[@__normalizedUserName_0='?'], CommandType='Text', CommandTimeout='30']
SELECT u."Id", u."AccessFailedCount", u."ConcurrencyStamp", u."CreatedAt", u."Email", u."EmailConfirmed", u."FirstName", u."LastLoginAt", u."LastName", u."LockoutEnabled", u."LockoutEnd", u."NormalizedEmail", u."NormalizedUserName", u."PasswordHash", u."PhoneNumber", u."PhoneNumberConfirmed", u."RefreshToken", u."RefreshTokenExpiryTime", u."SecurityStamp", u."Status", u."TenantId", u."Title", u."TwoFactorEnabled", u."Type", u."UserName"
FROM users AS u
WHERE u."NormalizedUserName" = @__normalizedUserName_0
LIMIT 1
[05:02:32 INF] Executed DbCommand (1ms) [Parameters=[@__normalizedEmail_0='?'], CommandType='Text', CommandTimeout='30']
SELECT u."Id", u."AccessFailedCount", u."ConcurrencyStamp", u."CreatedAt", u."Email", u."EmailConfirmed", u."FirstName", u."LastLoginAt", u."LastName", u."LockoutEnabled", u."LockoutEnd", u."NormalizedEmail", u."NormalizedUserName", u."PasswordHash", u."PhoneNumber", u."PhoneNumberConfirmed", u."RefreshToken", u."RefreshTokenExpiryTime", u."SecurityStamp", u."Status", u."TenantId", u."Title", u."TwoFactorEnabled", u."Type", u."UserName"
FROM users AS u
WHERE u."NormalizedEmail" = @__normalizedEmail_0
LIMIT 2
[05:02:32 INF] Executed DbCommand (1ms) [Parameters=[@__normalizedEmail_0='?'], CommandType='Text', CommandTimeout='30']
SELECT u."Id", u."AccessFailedCount", u."ConcurrencyStamp", u."CreatedAt", u."Email", u."EmailConfirmed", u."FirstName", u."LastLoginAt", u."LastName", u."LockoutEnabled", u."LockoutEnd", u."NormalizedEmail", u."NormalizedUserName", u."PasswordHash", u."PhoneNumber", u."PhoneNumberConfirmed", u."RefreshToken", u."RefreshTokenExpiryTime", u."SecurityStamp", u."Status", u."TenantId", u."Title", u."TwoFactorEnabled", u."Type", u."UserName"
FROM users AS u
WHERE u."NormalizedEmail" = @__normalizedEmail_0
LIMIT 2
[05:02:32 INF] Executed DbCommand (1ms) [Parameters=[@p0='?' (DbType = Guid), @p1='?' (DbType = Int32), @p2='?', @p3='?' (DbType = DateTime), @p4='?', @p5='?' (DbType = Boolean), @p6='?', @p7='?' (DbType = DateTime), @p8='?', @p9='?' (DbType = Boolean), @p10='?' (DbType = DateTime), @p11='?', @p12='?', @p13='?', @p14='?', @p15='?' (DbType = Boolean), @p16='?', @p17='?' (DbType = DateTime), @p18='?', @p19='?' (DbType = Int32), @p20='?' (DbType = Guid), @p21='?', @p22='?' (DbType = Boolean), @p23='?' (DbType = Int32), @p24='?'], CommandType='Text', CommandTimeout='30']
INSERT INTO users ("Id", "AccessFailedCount", "ConcurrencyStamp", "CreatedAt", "Email", "EmailConfirmed", "FirstName", "LastLoginAt", "LastName", "LockoutEnabled", "LockoutEnd", "NormalizedEmail", "NormalizedUserName", "PasswordHash", "PhoneNumber", "PhoneNumberConfirmed", "RefreshToken", "RefreshTokenExpiryTime", "SecurityStamp", "Status", "TenantId", "Title", "TwoFactorEnabled", "Type", "UserName")
VALUES (@p0, @p1, @p2, @p3, @p4, @p5, @p6, @p7, @p8, @p9, @p10, @p11, @p12, @p13, @p14, @p15, @p16, @p17, @p18, @p19, @p20, @p21, @p22, @p23, @p24);
[05:02:32 INF] Executed DbCommand (1ms) [Parameters=[@p0='?' (DbType = Guid), @p1='?' (DbType = Int32), @p2='?', @p3='?' (DbType = DateTime), @p4='?', @p5='?' (DbType = Boolean), @p6='?', @p7='?' (DbType = DateTime), @p8='?', @p9='?' (DbType = Boolean), @p10='?' (DbType = DateTime), @p11='?', @p12='?', @p13='?', @p14='?', @p15='?' (DbType = Boolean), @p16='?', @p17='?' (DbType = DateTime), @p18='?', @p19='?' (DbType = Int32), @p20='?' (DbType = Guid), @p21='?', @p22='?' (DbType = Boolean), @p23='?' (DbType = Int32), @p24='?'], CommandType='Text', CommandTimeout='30']
INSERT INTO users ("Id", "AccessFailedCount", "ConcurrencyStamp", "CreatedAt", "Email", "EmailConfirmed", "FirstName", "LastLoginAt", "LastName", "LockoutEnabled", "LockoutEnd", "NormalizedEmail", "NormalizedUserName", "PasswordHash", "PhoneNumber", "PhoneNumberConfirmed", "RefreshToken", "RefreshTokenExpiryTime", "SecurityStamp", "Status", "TenantId", "Title", "TwoFactorEnabled", "Type", "UserName")
VALUES (@p0, @p1, @p2, @p3, @p4, @p5, @p6, @p7, @p8, @p9, @p10, @p11, @p12, @p13, @p14, @p15, @p16, @p17, @p18, @p19, @p20, @p21, @p22, @p23, @p24);
[05:02:32 INF] Executing CreatedResult, writing value of type 'Pitbull.Api.Controllers.AuthResponse'.
[05:02:32 INF] Executing CreatedResult, writing value of type 'Pitbull.Api.Controllers.AuthResponse'.
[05:02:32 INF] Executed action Pitbull.Api.Controllers.AuthController.Register (Pitbull.Api) in 385.5551ms
[05:02:32 INF] Executed action Pitbull.Api.Controllers.AuthController.Register (Pitbull.Api) in 385.5551ms
[05:02:32 INF] Executed endpoint 'Pitbull.Api.Controllers.AuthController.Register (Pitbull.Api)'
[05:02:32 INF] Executed endpoint 'Pitbull.Api.Controllers.AuthController.Register (Pitbull.Api)'
[05:02:32 INF] HTTP POST /api/auth/register responded 201 in 399.1754 ms
[05:02:32 INF] HTTP POST /api/auth/register responded 201 in 399.1754 ms
[05:02:32 INF] Request finished HTTP/1.1 POST http://localhost/api/auth/register - 201 null application/json; charset=utf-8 414.5762ms
[05:02:32 INF] Request finished HTTP/1.1 POST http://localhost/api/auth/register - 201 null application/json; charset=utf-8 414.5762ms
[05:02:32 INF] Request starting HTTP/1.1 POST http://localhost/api/bids - application/json; charset=utf-8 314
[05:02:32 INF] Request starting HTTP/1.1 POST http://localhost/api/bids - application/json; charset=utf-8 314
[05:02:32 INF] API Request. CorrelationId: 1990bb20-21b3-4fe2-a4ec-cc8b045e19f8, Request: {"Method": "POST", "Path": {"Value": "/api/bids", "HasValue": true, "$type": "PathString"}, "QueryString": "", "Headers": {"Content-Type": "application/json; charset=utf-8", "Content-Length": "314", "Authorization": "[REDACTED]", "X-Tenant-Id": "c2c6e04d-037b-47c1-9a3c-d98114f0006f", "Host": "localhost"}, "Body": "{\"name\":\"\\u0022Integration Test Bid\\u0022\",\"number\":\"\\u0022BID-61ec77a7efe241b3a45e18975225c50c\\u0022\",\"estimatedValue\":\"500000\",\"bidDate\":\"\\u00222026-02-05T00:00:00Z\\u0022\",\"dueDate\":\"\\u00222026-02-12T00:00:00Z\\u0022\",\"owner\":\"\\u0022Estimator\\u0022\",\"description\":\"\\u0022created by integration test\\u0022\",\"items\":[{\"description\":\"\\u0022Concrete\\u0022\",\"category\":\"1\",\"quantity\":\"10\",\"unitCost\":\"12.34\"}]}"}
[05:02:32 INF] API Request. CorrelationId: 1990bb20-21b3-4fe2-a4ec-cc8b045e19f8, Request: {"Method": "POST", "Path": {"Value": "/api/bids", "HasValue": true, "$type": "PathString"}, "QueryString": "", "Headers": {"Content-Type": "application/json; charset=utf-8", "Content-Length": "314", "Authorization": "[REDACTED]", "X-Tenant-Id": "c2c6e04d-037b-47c1-9a3c-d98114f0006f", "Host": "localhost"}, "Body": "{\"name\":\"\\u0022Integration Test Bid\\u0022\",\"number\":\"\\u0022BID-61ec77a7efe241b3a45e18975225c50c\\u0022\",\"estimatedValue\":\"500000\",\"bidDate\":\"\\u00222026-02-05T00:00:00Z\\u0022\",\"dueDate\":\"\\u00222026-02-12T00:00:00Z\\u0022\",\"owner\":\"\\u0022Estimator\\u0022\",\"description\":\"\\u0022created by integration test\\u0022\",\"items\":[{\"description\":\"\\u0022Concrete\\u0022\",\"category\":\"1\",\"quantity\":\"10\",\"unitCost\":\"12.34\"}]}"}
[05:02:32 INF] Executed DbCommand (1ms) [Parameters=[@p0='?'], CommandType='Text', CommandTimeout='30']
SELECT set_config('app.current_tenant', @p0, false);
[05:02:32 INF] Executed DbCommand (1ms) [Parameters=[@p0='?'], CommandType='Text', CommandTimeout='30']
SELECT set_config('app.current_tenant', @p0, false);
[05:02:32 DBG] Tenant resolved: c2c6e04d-037b-47c1-9a3c-d98114f0006f
[05:02:32 DBG] Tenant resolved: c2c6e04d-037b-47c1-9a3c-d98114f0006f
[05:02:32 INF] Executing endpoint 'Pitbull.Api.Controllers.BidsController.Create (Pitbull.Api)'
[05:02:32 INF] Executing endpoint 'Pitbull.Api.Controllers.BidsController.Create (Pitbull.Api)'
[05:02:32 INF] Route matched with {action = "Create", controller = "Bids"}. Executing controller action with signature System.Threading.Tasks.Task`1[Microsoft.AspNetCore.Mvc.IActionResult] Create(Pitbull.Bids.Features.CreateBid.CreateBidCommand) on controller Pitbull.Api.Controllers.BidsController (Pitbull.Api).
[05:02:32 INF] Route matched with {action = "Create", controller = "Bids"}. Executing controller action with signature System.Threading.Tasks.Task`1[Microsoft.AspNetCore.Mvc.IActionResult] Create(Pitbull.Bids.Features.CreateBid.CreateBidCommand) on controller Pitbull.Api.Controllers.BidsController (Pitbull.Api).
[05:02:32 ERR] Failed executing DbCommand (3ms) [Parameters=[@p0='?' (DbType = Guid), @p1='?' (DbType = DateTime), @p2='?' (DbType = DateTime), @p3='?', @p4='?' (DbType = DateTime), @p5='?', @p6='?', @p7='?' (DbType = DateTime), @p8='?' (DbType = Decimal), @p9='?' (DbType = Boolean), @p10='?', @p11='?', @p12='?', @p13='?' (DbType = Guid), @p14='?', @p15='?' (DbType = Guid), @p16='?' (DbType = DateTime), @p17='?', @p18='?' (DbType = Guid), @p19='?' (DbType = Guid), @p20='?', @p21='?' (DbType = DateTime), @p22='?', @p23='?' (DbType = DateTime), @p24='?', @p25='?', @p26='?' (DbType = Boolean), @p27='?' (DbType = Decimal), @p28='?' (DbType = Guid), @p29='?' (DbType = Decimal), @p30='?' (DbType = Decimal), @p31='?' (DbType = DateTime), @p32='?'], CommandType='Text', CommandTimeout='30']
INSERT INTO bids ("Id", "BidDate", "CreatedAt", "CreatedBy", "DeletedAt", "DeletedBy", "Description", "DueDate", "EstimatedValue", "IsDeleted", "Name", "Number", "Owner", "ProjectId", "Status", "TenantId", "UpdatedAt", "UpdatedBy")
VALUES (@p0, @p1, @p2, @p3, @p4, @p5, @p6, @p7, @p8, @p9, @p10, @p11, @p12, @p13, @p14, @p15, @p16, @p17)
RETURNING xmin;
INSERT INTO bid_items ("Id", "BidId", "Category", "CreatedAt", "CreatedBy", "DeletedAt", "DeletedBy", "Description", "IsDeleted", "Quantity", "TenantId", "TotalCost", "UnitCost", "UpdatedAt", "UpdatedBy")
VALUES (@p18, @p19, @p20, @p21, @p22, @p23, @p24, @p25, @p26, @p27, @p28, @p29, @p30, @p31, @p32);
[05:02:32 ERR] Failed executing DbCommand (3ms) [Parameters=[@p0='?' (DbType = Guid), @p1='?' (DbType = DateTime), @p2='?' (DbType = DateTime), @p3='?', @p4='?' (DbType = DateTime), @p5='?', @p6='?', @p7='?' (DbType = DateTime), @p8='?' (DbType = Decimal), @p9='?' (DbType = Boolean), @p10='?', @p11='?', @p12='?', @p13='?' (DbType = Guid), @p14='?', @p15='?' (DbType = Guid), @p16='?' (DbType = DateTime), @p17='?', @p18='?' (DbType = Guid), @p19='?' (DbType = Guid), @p20='?', @p21='?' (DbType = DateTime), @p22='?', @p23='?' (DbType = DateTime), @p24='?', @p25='?', @p26='?' (DbType = Boolean), @p27='?' (DbType = Decimal), @p28='?' (DbType = Guid), @p29='?' (DbType = Decimal), @p30='?' (DbType = Decimal), @p31='?' (DbType = DateTime), @p32='?'], CommandType='Text', CommandTimeout='30']
INSERT INTO bids ("Id", "BidDate", "CreatedAt", "CreatedBy", "DeletedAt", "DeletedBy", "Description", "DueDate", "EstimatedValue", "IsDeleted", "Name", "Number", "Owner", "ProjectId", "Status", "TenantId", "UpdatedAt", "UpdatedBy")
VALUES (@p0, @p1, @p2, @p3, @p4, @p5, @p6, @p7, @p8, @p9, @p10, @p11, @p12, @p13, @p14, @p15, @p16, @p17)
RETURNING xmin;
INSERT INTO bid_items ("Id", "BidId", "Category", "CreatedAt", "CreatedBy", "DeletedAt", "DeletedBy", "Description", "IsDeleted", "Quantity", "TenantId", "TotalCost", "UnitCost", "UpdatedAt", "UpdatedBy")
VALUES (@p18, @p19, @p20, @p21, @p22, @p23, @p24, @p25, @p26, @p27, @p28, @p29, @p30, @p31, @p32);
[05:02:32 ERR] An exception occurred in the database while saving changes for context type 'Pitbull.Core.Data.PitbullDbContext'.
Microsoft.EntityFrameworkCore.DbUpdateException: An error occurred while saving the entity changes. See the inner exception for details.
 ---&gt; Npgsql.PostgresException (0x80004005): 42501: new row violates row-level security policy for table "bids"
   at Npgsql.Internal.NpgsqlConnector.ReadMessageLong(Boolean async, DataRowLoadingMode dataRowLoadingMode, Boolean readingNotifications, Boolean isReadingPrependedMessage)
   at System.Runtime.CompilerServices.PoolingAsyncValueTaskMethodBuilder`1.StateMachineBox`1.System.Threading.Tasks.Sources.IValueTaskSource&lt;TResult&gt;.GetResult(Int16 token)
   at Npgsql.NpgsqlDataReader.NextResult(Boolean async, Boolean isConsuming, CancellationToken cancellationToken)
   at Npgsql.NpgsqlDataReader.NextResult(Boolean async, Boolean isConsuming, CancellationToken cancellationToken)
   at Npgsql.NpgsqlCommand.ExecuteReader(Boolean async, CommandBehavior behavior, CancellationToken cancellationToken)
   at Npgsql.NpgsqlCommand.ExecuteReader(Boolean async, CommandBehavior behavior, CancellationToken cancellationToken)
   at Npgsql.NpgsqlCommand.ExecuteDbDataReaderAsync(CommandBehavior behavior, CancellationToken cancellationToken)
   at Microsoft.EntityFrameworkCore.Storage.RelationalCommand.ExecuteReaderAsync(RelationalCommandParameterObject parameterObject, CancellationToken cancellationToken)
   at Microsoft.EntityFrameworkCore.Storage.RelationalCommand.ExecuteReaderAsync(RelationalCommandParameterObject parameterObject, CancellationToken cancellationToken)
   at Microsoft.EntityFrameworkCore.Update.ReaderModificationCommandBatch.ExecuteAsync(IRelationalConnection connection, CancellationToken cancellationToken)
  Exception data:
    Severity: ERROR
    SqlState: 42501
    MessageText: new row violates row-level security policy for table "bids"
    File: execMain.c
    Line: 2199
    Routine: ExecWithCheckOptions
   --- End of inner exception stack trace ---
   at Microsoft.EntityFrameworkCore.Update.ReaderModificationCommandBatch.ExecuteAsync(IRelationalConnection connection, CancellationToken cancellationToken)
   at Microsoft.EntityFrameworkCore.Update.Internal.BatchExecutor.ExecuteAsync(IEnumerable`1 commandBatches, IRelationalConnection connection, CancellationToken cancellationToken)
   at Microsoft.EntityFrameworkCore.Update.Internal.BatchExecutor.ExecuteAsync(IEnumerable`1 commandBatches, IRelationalConnection connection, CancellationToken cancellationToken)
   at Microsoft.EntityFrameworkCore.Update.Internal.BatchExecutor.ExecuteAsync(IEnumerable`1 commandBatches, IRelationalConnection connection, CancellationToken cancellationToken)
   at Microsoft.EntityFrameworkCore.Storage.RelationalDatabase.SaveChangesAsync(IList`1 entries, CancellationToken cancellationToken)
   at Microsoft.EntityFrameworkCore.ChangeTracking.Internal.StateManager.SaveChangesAsync(IList`1 entriesToSave, CancellationToken cancellationToken)
   at Microsoft.EntityFrameworkCore.ChangeTracking.Internal.StateManager.SaveChangesAsync(StateManager stateManager, Boolean acceptAllChangesOnSuccess, CancellationToken cancellationToken)
   at Microsoft.EntityFrameworkCore.Storage.ExecutionStrategy.&lt;&gt;c__DisplayClass30_0`2.&lt;&lt;ExecuteAsync&gt;b__0&gt;d.MoveNext()
--- End of stack trace from previous location ---
   at Microsoft.EntityFrameworkCore.Storage.ExecutionStrategy.ExecuteImplementationAsync[TState,TResult](Func`4 operation, Func`4 verifySucceeded, TState state, CancellationToken cancellationToken)
   at Microsoft.EntityFrameworkCore.Storage.ExecutionStrategy.ExecuteImplementationAsync[TState,TResult](Func`4 operation, Func`4 verifySucceeded, TState state, CancellationToken cancellationToken)
   at Microsoft.EntityFrameworkCore.Storage.ExecutionStrategy.ExecuteAsync[TState,TResult](TState state, Func`4 operation, Func`4 verifySucceeded, CancellationToken cancellationToken)
   at Microsoft.EntityFrameworkCore.DbContext.SaveChangesAsync(Boolean acceptAllChangesOnSuccess, CancellationToken cancellationToken)
Microsoft.EntityFrameworkCore.DbUpdateException: An error occurred while saving the entity changes. See the inner exception for details.
 ---&gt; Npgsql.PostgresException (0x80004005): 42501: new row violates row-level security policy for table "bids"
   at Npgsql.Internal.NpgsqlConnector.ReadMessageLong(Boolean async, DataRowLoadingMode dataRowLoadingMode, Boolean readingNotifications, Boolean isReadingPrependedMessage)
   at System.Runtime.CompilerServices.PoolingAsyncValueTaskMethodBuilder`1.StateMachineBox`1.System.Threading.Tasks.Sources.IValueTaskSource&lt;TResult&gt;.GetResult(Int16 token)
   at Npgsql.NpgsqlDataReader.NextResult(Boolean async, Boolean isConsuming, CancellationToken cancellationToken)
   at Npgsql.NpgsqlDataReader.NextResult(Boolean async, Boolean isConsuming, CancellationToken cancellationToken)
   at Npgsql.NpgsqlCommand.ExecuteReader(Boolean async, CommandBehavior behavior, CancellationToken cancellationToken)
   at Npgsql.NpgsqlCommand.ExecuteReader(Boolean async, CommandBehavior behavior, CancellationToken cancellationToken)
   at Npgsql.NpgsqlCommand.ExecuteDbDataReaderAsync(CommandBehavior behavior, CancellationToken cancellationToken)
   at Microsoft.EntityFrameworkCore.Storage.RelationalCommand.ExecuteReaderAsync(RelationalCommandParameterObject parameterObject, CancellationToken cancellationToken)
   at Microsoft.EntityFrameworkCore.Storage.RelationalCommand.ExecuteReaderAsync(RelationalCommandParameterObject parameterObject, CancellationToken cancellationToken)
   at Microsoft.EntityFrameworkCore.Update.ReaderModificationCommandBatch.ExecuteAsync(IRelationalConnection connection, CancellationToken cancellationToken)
  Exception data:
    Severity: ERROR
    SqlState: 42501
    MessageText: new row violates row-level security policy for table "bids"
    File: execMain.c
    Line: 2199
    Routine: ExecWithCheckOptions
   --- End of inner exception stack trace ---
   at Microsoft.EntityFrameworkCore.Update.ReaderModificationCommandBatch.ExecuteAsync(IRelationalConnection connection, CancellationToken cancellationToken)
   at Microsoft.EntityFrameworkCore.Update.Internal.BatchExecutor.ExecuteAsync(IEnumerable`1 commandBatches, IRelationalConnection connection, CancellationToken cancellationToken)
   at Microsoft.EntityFrameworkCore.Update.Internal.BatchExecutor.ExecuteAsync(IEnumerable`1 commandBatches, IRelationalConnection connection, CancellationToken cancellationToken)
   at Microsoft.EntityFrameworkCore.Update.Internal.BatchExecutor.ExecuteAsync(IEnumerable`1 commandBatches, IRelationalConnection connection, CancellationToken cancellationToken)
   at Microsoft.EntityFrameworkCore.Storage.RelationalDatabase.SaveChangesAsync(IList`1 entries, CancellationToken cancellationToken)
   at Microsoft.EntityFrameworkCore.ChangeTracking.Internal.StateManager.SaveChangesAsync(IList`1 entriesToSave, CancellationToken cancellationToken)
   at Microsoft.EntityFrameworkCore.ChangeTracking.Internal.StateManager.SaveChangesAsync(StateManager stateManager, Boolean acceptAllChangesOnSuccess, CancellationToken cancellationToken)
   at Microsoft.EntityFrameworkCore.Storage.ExecutionStrategy.&lt;&gt;c__DisplayClass30_0`2.&lt;&lt;ExecuteAsync&gt;b__0&gt;d.MoveNext()
--- End of stack trace from previous location ---
   at Microsoft.EntityFrameworkCore.Storage.ExecutionStrategy.ExecuteImplementationAsync[TState,TResult](Func`4 operation, Func`4 verifySucceeded, TState state, CancellationToken cancellationToken)
   at Microsoft.EntityFrameworkCore.Storage.ExecutionStrategy.ExecuteImplementationAsync[TState,TResult](Func`4 operation, Func`4 verifySucceeded, TState state, CancellationToken cancellationToken)
   at Microsoft.EntityFrameworkCore.Storage.ExecutionStrategy.ExecuteAsync[TState,TResult](TState state, Func`4 operation, Func`4 verifySucceeded, CancellationToken cancellationToken)
   at Microsoft.EntityFrameworkCore.DbContext.SaveChangesAsync(Boolean acceptAllChangesOnSuccess, CancellationToken cancellationToken)
[05:02:32 ERR] An exception occurred in the database while saving changes for context type 'Pitbull.Core.Data.PitbullDbContext'.
Microsoft.EntityFrameworkCore.DbUpdateException: An error occurred while saving the entity changes. See the inner exception for details.
 ---&gt; Npgsql.PostgresException (0x80004005): 42501: new row violates row-level security policy for table "bids"
   at Npgsql.Internal.NpgsqlConnector.ReadMessageLong(Boolean async, DataRowLoadingMode dataRowLoadingMode, Boolean readingNotifications, Boolean isReadingPrependedMessage)
   at System.Runtime.CompilerServices.PoolingAsyncValueTaskMethodBuilder`1.StateMachineBox`1.System.Threading.Tasks.Sources.IValueTaskSource&lt;TResult&gt;.GetResult(Int16 token)
   at Npgsql.NpgsqlDataReader.NextResult(Boolean async, Boolean isConsuming, CancellationToken cancellationToken)
   at Npgsql.NpgsqlDataReader.NextResult(Boolean async, Boolean isConsuming, CancellationToken cancellationToken)
   at Npgsql.NpgsqlCommand.ExecuteReader(Boolean async, CommandBehavior behavior, CancellationToken cancellationToken)
   at Npgsql.NpgsqlCommand.ExecuteReader(Boolean async, CommandBehavior behavior, CancellationToken cancellationToken)
   at Npgsql.NpgsqlCommand.ExecuteDbDataReaderAsync(CommandBehavior behavior, CancellationToken cancellationToken)
   at Microsoft.EntityFrameworkCore.Storage.RelationalCommand.ExecuteReaderAsync(RelationalCommandParameterObject parameterObject, CancellationToken cancellationToken)
   at Microsoft.EntityFrameworkCore.Storage.RelationalCommand.ExecuteReaderAsync(RelationalCommandParameterObject parameterObject, CancellationToken cancellationToken)
   at Microsoft.EntityFrameworkCore.Update.ReaderModificationCommandBatch.ExecuteAsync(IRelationalConnection connection, CancellationToken cancellationToken)
  Exception data:
    Severity: ERROR
    SqlState: 42501
    MessageText: new row violates row-level security policy for table "bids"
    File: execMain.c
    Line: 2199
    Routine: ExecWithCheckOptions
   --- End of inner exception stack trace ---
   at Microsoft.EntityFrameworkCore.Update.ReaderModificationCommandBatch.ExecuteAsync(IRelationalConnection connection, CancellationToken cancellationToken)
   at Microsoft.EntityFrameworkCore.Update.Internal.BatchExecutor.ExecuteAsync(IEnumerable`1 commandBatches, IRelationalConnection connection, CancellationToken cancellationToken)
   at Microsoft.EntityFrameworkCore.Update.Internal.BatchExecutor.ExecuteAsync(IEnumerable`1 commandBatches, IRelationalConnection connection, CancellationToken cancellationToken)
   at Microsoft.EntityFrameworkCore.Update.Internal.BatchExecutor.ExecuteAsync(IEnumerable`1 commandBatches, IRelationalConnection connection, CancellationToken cancellationToken)
   at Microsoft.EntityFrameworkCore.Storage.RelationalDatabase.SaveChangesAsync(IList`1 entries, CancellationToken cancellationToken)
   at Microsoft.EntityFrameworkCore.ChangeTracking.Internal.StateManager.SaveChangesAsync(IList`1 entriesToSave, CancellationToken cancellationToken)
   at Microsoft.EntityFrameworkCore.ChangeTracking.Internal.StateManager.SaveChangesAsync(StateManager stateManager, Boolean acceptAllChangesOnSuccess, CancellationToken cancellationToken)
   at Microsoft.EntityFrameworkCore.Storage.ExecutionStrategy.&lt;&gt;c__DisplayClass30_0`2.&lt;&lt;ExecuteAsync&gt;b__0&gt;d.MoveNext()
--- End of stack trace from previous location ---
   at Microsoft.EntityFrameworkCore.Storage.ExecutionStrategy.ExecuteImplementationAsync[TState,TResult](Func`4 operation, Func`4 verifySucceeded, TState state, CancellationToken cancellationToken)
   at Microsoft.EntityFrameworkCore.Storage.ExecutionStrategy.ExecuteImplementationAsync[TState,TResult](Func`4 operation, Func`4 verifySucceeded, TState state, CancellationToken cancellationToken)
   at Microsoft.EntityFrameworkCore.Storage.ExecutionStrategy.ExecuteAsync[TState,TResult](TState state, Func`4 operation, Func`4 verifySucceeded, CancellationToken cancellationToken)
   at Microsoft.EntityFrameworkCore.DbContext.SaveChangesAsync(Boolean acceptAllChangesOnSuccess, CancellationToken cancellationToken)
Microsoft.EntityFrameworkCore.DbUpdateException: An error occurred while saving the entity changes. See the inner exception for details.
 ---&gt; Npgsql.PostgresException (0x80004005): 42501: new row violates row-level security policy for table "bids"
   at Npgsql.Internal.NpgsqlConnector.ReadMessageLong(Boolean async, DataRowLoadingMode dataRowLoadingMode, Boolean readingNotifications, Boolean isReadingPrependedMessage)
   at System.Runtime.CompilerServices.PoolingAsyncValueTaskMethodBuilder`1.StateMachineBox`1.System.Threading.Tasks.Sources.IValueTaskSource&lt;TResult&gt;.GetResult(Int16 token)
   at Npgsql.NpgsqlDataReader.NextResult(Boolean async, Boolean isConsuming, CancellationToken cancellationToken)
   at Npgsql.NpgsqlDataReader.NextResult(Boolean async, Boolean isConsuming, CancellationToken cancellationToken)
   at Npgsql.NpgsqlCommand.ExecuteReader(Boolean async, CommandBehavior behavior, CancellationToken cancellationToken)
   at Npgsql.NpgsqlCommand.ExecuteReader(Boolean async, CommandBehavior behavior, CancellationToken cancellationToken)
   at Npgsql.NpgsqlCommand.ExecuteDbDataReaderAsync(CommandBehavior behavior, CancellationToken cancellationToken)
   at Microsoft.EntityFrameworkCore.Storage.RelationalCommand.ExecuteReaderAsync(RelationalCommandParameterObject parameterObject, CancellationToken cancellationToken)
   at Microsoft.EntityFrameworkCore.Storage.RelationalCommand.ExecuteReaderAsync(RelationalCommandParameterObject parameterObject, CancellationToken cancellationToken)
   at Microsoft.EntityFrameworkCore.Update.ReaderModificationCommandBatch.ExecuteAsync(IRelationalConnection connection, CancellationToken cancellationToken)
  Exception data:
    Severity: ERROR
    SqlState: 42501
    MessageText: new row violates row-level security policy for table "bids"
    File: execMain.c
    Line: 2199
    Routine: ExecWithCheckOptions
   --- End of inner exception stack trace ---
   at Microsoft.EntityFrameworkCore.Update.ReaderModificationCommandBatch.ExecuteAsync(IRelationalConnection connection, CancellationToken cancellationToken)
   at Microsoft.EntityFrameworkCore.Update.Internal.BatchExecutor.ExecuteAsync(IEnumerable`1 commandBatches, IRelationalConnection connection, CancellationToken cancellationToken)
   at Microsoft.EntityFrameworkCore.Update.Internal.BatchExecutor.ExecuteAsync(IEnumerable`1 commandBatches, IRelationalConnection connection, CancellationToken cancellationToken)
   at Microsoft.EntityFrameworkCore.Update.Internal.BatchExecutor.ExecuteAsync(IEnumerable`1 commandBatches, IRelationalConnection connection, CancellationToken cancellationToken)
   at Microsoft.EntityFrameworkCore.Storage.RelationalDatabase.SaveChangesAsync(IList`1 entries, CancellationToken cancellationToken)
   at Microsoft.EntityFrameworkCore.ChangeTracking.Internal.StateManager.SaveChangesAsync(IList`1 entriesToSave, CancellationToken cancellationToken)
   at Microsoft.EntityFrameworkCore.ChangeTracking.Internal.StateManager.SaveChangesAsync(StateManager stateManager, Boolean acceptAllChangesOnSuccess, CancellationToken cancellationToken)
   at Microsoft.EntityFrameworkCore.Storage.ExecutionStrategy.&lt;&gt;c__DisplayClass30_0`2.&lt;&lt;ExecuteAsync&gt;b__0&gt;d.MoveNext()
--- End of stack trace from previous location ---
   at Microsoft.EntityFrameworkCore.Storage.ExecutionStrategy.ExecuteImplementationAsync[TState,TResult](Func`4 operation, Func`4 verifySucceeded, TState state, CancellationToken cancellationToken)
   at Microsoft.EntityFrameworkCore.Storage.ExecutionStrategy.ExecuteImplementationAsync[TState,TResult](Func`4 operation, Func`4 verifySucceeded, TState state, CancellationToken cancellationToken)
   at Microsoft.EntityFrameworkCore.Storage.ExecutionStrategy.ExecuteAsync[TState,TResult](TState state, Func`4 operation, Func`4 verifySucceeded, CancellationToken cancellationToken)
   at Microsoft.EntityFrameworkCore.DbContext.SaveChangesAsync(Boolean acceptAllChangesOnSuccess, CancellationToken cancellationToken)
[05:02:32 INF] Executed action Pitbull.Api.Controllers.BidsController.Create (Pitbull.Api) in 102.8823ms
[05:02:32 INF] Executed action Pitbull.Api.Controllers.BidsController.Create (Pitbull.Api) in 102.8823ms
[05:02:32 INF] Executed endpoint 'Pitbull.Api.Controllers.BidsController.Create (Pitbull.Api)'
[05:02:32 INF] Executed endpoint 'Pitbull.Api.Controllers.BidsController.Create (Pitbull.Api)'
[05:02:32 ERR] HTTP POST /api/bids responded 500 in 152.6151 ms
Microsoft.EntityFrameworkCore.DbUpdateException: An error occurred while saving the entity changes. See the inner exception for details.
 ---&gt; Npgsql.PostgresException (0x80004005): 42501: new row violates row-level security policy for table "bids"
   at Npgsql.Internal.NpgsqlConnector.ReadMessageLong(Boolean async, DataRowLoadingMode dataRowLoadingMode, Boolean readingNotifications, Boolean isReadingPrependedMessage)
   at System.Runtime.CompilerServices.PoolingAsyncValueTaskMethodBuilder`1.StateMachineBox`1.System.Threading.Tasks.Sources.IValueTaskSource&lt;TResult&gt;.GetResult(Int16 token)
   at Npgsql.NpgsqlDataReader.NextResult(Boolean async, Boolean isConsuming, CancellationToken cancellationToken)
   at Npgsql.NpgsqlDataReader.NextResult(Boolean async, Boolean isConsuming, CancellationToken cancellationToken)
   at Npgsql.NpgsqlCommand.ExecuteReader(Boolean async, CommandBehavior behavior, CancellationToken cancellationToken)
   at Npgsql.NpgsqlCommand.ExecuteReader(Boolean async, CommandBehavior behavior, CancellationToken cancellationToken)
   at Npgsql.NpgsqlCommand.ExecuteDbDataReaderAsync(CommandBehavior behavior, CancellationToken cancellationToken)
   at Microsoft.EntityFrameworkCore.Storage.RelationalCommand.ExecuteReaderAsync(RelationalCommandParameterObject parameterObject, CancellationToken cancellationToken)
   at Microsoft.EntityFrameworkCore.Storage.RelationalCommand.ExecuteReaderAsync(RelationalCommandParameterObject parameterObject, CancellationToken cancellationToken)
   at Microsoft.EntityFrameworkCore.Update.ReaderModificationCommandBatch.ExecuteAsync(IRelationalConnection connection, CancellationToken cancellationToken)
  Exception data:
    Severity: ERROR
    SqlState: 42501
    MessageText: new row violates row-level security policy for table "bids"
    File: execMain.c
    Line: 2199
    Routine: ExecWithCheckOptions
   --- End of inner exception stack trace ---
   at Microsoft.EntityFrameworkCore.Update.ReaderModificationCommandBatch.ExecuteAsync(IRelationalConnection connection, CancellationToken cancellationToken)
   at Microsoft.EntityFrameworkCore.Update.Internal.BatchExecutor.ExecuteAsync(IEnumerable`1 commandBatches, IRelationalConnection connection, CancellationToken cancellationToken)
   at Microsoft.EntityFrameworkCore.Update.Internal.BatchExecutor.ExecuteAsync(IEnumerable`1 commandBatches, IRelationalConnection connection, CancellationToken cancellationToken)
   at Microsoft.EntityFrameworkCore.Update.Internal.BatchExecutor.ExecuteAsync(IEnumerable`1 commandBatches, IRelationalConnection connection, CancellationToken cancellationToken)
   at Microsoft.EntityFrameworkCore.Storage.RelationalDatabase.SaveChangesAsync(IList`1 entries, CancellationToken cancellationToken)
   at Microsoft.EntityFrameworkCore.ChangeTracking.Internal.StateManager.SaveChangesAsync(IList`1 entriesToSave, CancellationToken cancellationToken)
   at Microsoft.EntityFrameworkCore.ChangeTracking.Internal.StateManager.SaveChangesAsync(StateManager stateManager, Boolean acceptAllChangesOnSuccess, CancellationToken cancellationToken)
   at Microsoft.EntityFrameworkCore.Storage.ExecutionStrategy.&lt;&gt;c__DisplayClass30_0`2.&lt;&lt;ExecuteAsync&gt;b__0&gt;d.MoveNext()
--- End of stack trace from previous location ---
   at Microsoft.EntityFrameworkCore.Storage.ExecutionStrategy.ExecuteImplementationAsync[TState,TResult](Func`4 operation, Func`4 verifySucceeded, TState state, CancellationToken cancellationToken)
   at Microsoft.EntityFrameworkCore.Storage.ExecutionStrategy.ExecuteImplementationAsync[TState,TResult](Func`4 operation, Func`4 verifySucceeded, TState state, CancellationToken cancellationToken)
   at Microsoft.EntityFrameworkCore.Storage.ExecutionStrategy.ExecuteAsync[TState,TResult](TState state, Func`4 operation, Func`4 verifySucceeded, CancellationToken cancellationToken)
   at Microsoft.EntityFrameworkCore.DbContext.SaveChangesAsync(Boolean acceptAllChangesOnSuccess, CancellationToken cancellationToken)
   at Microsoft.EntityFrameworkCore.DbContext.SaveChangesAsync(Boolean acceptAllChangesOnSuccess, CancellationToken cancellationToken)
   at Pitbull.Core.Data.PitbullDbContext.SaveChangesAsync(CancellationToken cancellationToken) in /mnt/c/pitbull/src/Modules/Pitbull.Core/Data/PitbullDbContext.cs:line 131
   at Pitbull.Bids.Features.CreateBid.CreateBidHandler.Handle(CreateBidCommand request, CancellationToken cancellationToken) in /mnt/c/pitbull/src/Modules/Pitbull.Bids/Features/CreateBid/CreateBidHandler.cs:line 42
   at Pitbull.Core.CQRS.ValidationBehavior`2.Handle(TRequest request, RequestHandlerDelegate`1 next, CancellationToken cancellationToken) in /mnt/c/pitbull/src/Modules/Pitbull.Core/CQRS/ValidationBehavior.cs:line 40
   at Pitbull.Api.Controllers.BidsController.Create(CreateBidCommand command) in /mnt/c/pitbull/src/Pitbull.Api/Controllers/BidsController.cs:line 73
   at Microsoft.AspNetCore.Mvc.Infrastructure.ActionMethodExecutor.TaskOfIActionResultExecutor.Execute(ActionContext actionContext, IActionResultTypeMapper mapper, ObjectMethodExecutor executor, Object controller, Object[] arguments)
   at Microsoft.AspNetCore.Mvc.Infrastructure.ControllerActionInvoker.&lt;InvokeActionMethodAsync&gt;g__Awaited|12_0(ControllerActionInvoker invoker, ValueTask`1 actionResultValueTask)
   at Microsoft.AspNetCore.Mvc.Infrastructure.ControllerActionInvoker.&lt;InvokeNextActionFilterAsync&gt;g__Awaited|10_0(ControllerActionInvoker invoker, Task lastTask, State next, Scope scope, Object state, Boolean isCompleted)
   at Microsoft.AspNetCore.Mvc.Infrastructure.ControllerActionInvoker.Rethrow(ActionExecutedContextSealed context)
   at Microsoft.AspNetCore.Mvc.Infrastructure.ControllerActionInvoker.Next(State&amp; next, Scope&amp; scope, Object&amp; state, Boolean&amp; isCompleted)
   at Microsoft.AspNetCore.Mvc.Infrastructure.ControllerActionInvoker.&lt;InvokeInnerFilterAsync&gt;g__Awaited|13_0(ControllerActionInvoker invoker, Task lastTask, State next, Scope scope, Object state, Boolean isCompleted)
   at Microsoft.AspNetCore.Mvc.Infrastructure.ResourceInvoker.&lt;InvokeFilterPipelineAsync&gt;g__Awaited|20_0(ResourceInvoker invoker, Task lastTask, State next, Scope scope, Object state, Boolean isCompleted)
   at Microsoft.AspNetCore.Mvc.Infrastructure.ResourceInvoker.&lt;InvokeAsync&gt;g__Logged|17_1(ResourceInvoker invoker)
   at Microsoft.AspNetCore.Mvc.Infrastructure.ResourceInvoker.&lt;InvokeAsync&gt;g__Logged|17_1(ResourceInvoker invoker)
   at Microsoft.AspNetCore.Routing.EndpointMiddleware.&lt;Invoke&gt;g__AwaitRequestTask|7_0(Endpoint endpoint, Task requestTask, ILogger logger)
   at Microsoft.AspNetCore.Authorization.AuthorizationMiddleware.Invoke(HttpContext context)
   at Pitbull.Core.MultiTenancy.TenantMiddleware.InvokeAsync(HttpContext context, TenantContext tenantContext, PitbullDbContext db) in /mnt/c/pitbull/src/Modules/Pitbull.Core/MultiTenancy/TenantMiddleware.cs:line 34
   at Microsoft.AspNetCore.Authentication.AuthenticationMiddleware.Invoke(HttpContext context)
   at Microsoft.AspNetCore.RateLimiting.RateLimitingMiddleware.InvokeInternal(HttpContext context, EnableRateLimitingAttribute enableRateLimitingAttribute)
   at Microsoft.AspNetCore.Http.Timeouts.RequestTimeoutsMiddleware.&lt;&gt;c__DisplayClass5_0.&lt;&lt;Invoke&gt;g__SetTimeoutAsync|0&gt;d.MoveNext()
--- End of stack trace from previous location ---
   at Serilog.AspNetCore.RequestLoggingMiddleware.Invoke(HttpContext httpContext)
[05:02:32 ERR] HTTP POST /api/bids responded 500 in 152.6151 ms
Microsoft.EntityFrameworkCore.DbUpdateException: An error occurred while saving the entity changes. See the inner exception for details.
 ---&gt; Npgsql.PostgresException (0x80004005): 42501: new row violates row-level security policy for table "bids"
   at Npgsql.Internal.NpgsqlConnector.ReadMessageLong(Boolean async, DataRowLoadingMode dataRowLoadingMode, Boolean readingNotifications, Boolean isReadingPrependedMessage)
   at System.Runtime.CompilerServices.PoolingAsyncValueTaskMethodBuilder`1.StateMachineBox`1.System.Threading.Tasks.Sources.IValueTaskSource&lt;TResult&gt;.GetResult(Int16 token)
   at Npgsql.NpgsqlDataReader.NextResult(Boolean async, Boolean isConsuming, CancellationToken cancellationToken)
   at Npgsql.NpgsqlDataReader.NextResult(Boolean async, Boolean isConsuming, CancellationToken cancellationToken)
   at Npgsql.NpgsqlCommand.ExecuteReader(Boolean async, CommandBehavior behavior, CancellationToken cancellationToken)
   at Npgsql.NpgsqlCommand.ExecuteReader(Boolean async, CommandBehavior behavior, CancellationToken cancellationToken)
   at Npgsql.NpgsqlCommand.ExecuteDbDataReaderAsync(CommandBehavior behavior, CancellationToken cancellationToken)
   at Microsoft.EntityFrameworkCore.Storage.RelationalCommand.ExecuteReaderAsync(RelationalCommandParameterObject parameterObject, CancellationToken cancellationToken)
   at Microsoft.EntityFrameworkCore.Storage.RelationalCommand.ExecuteReaderAsync(RelationalCommandParameterObject parameterObject, CancellationToken cancellationToken)
   at Microsoft.EntityFrameworkCore.Update.ReaderModificationCommandBatch.ExecuteAsync(IRelationalConnection connection, CancellationToken cancellationToken)
  Exception data:
    Severity: ERROR
    SqlState: 42501
    MessageText: new row violates row-level security policy for table "bids"
    File: execMain.c
    Line: 2199
    Routine: ExecWithCheckOptions
   --- End of inner exception stack trace ---
   at Microsoft.EntityFrameworkCore.Update.ReaderModificationCommandBatch.ExecuteAsync(IRelationalConnection connection, CancellationToken cancellationToken)
   at Microsoft.EntityFrameworkCore.Update.Internal.BatchExecutor.ExecuteAsync(IEnumerable`1 commandBatches, IRelationalConnection connection, CancellationToken cancellationToken)
   at Microsoft.EntityFrameworkCore.Update.Internal.BatchExecutor.ExecuteAsync(IEnumerable`1 commandBatches, IRelationalConnection connection, CancellationToken cancellationToken)
   at Microsoft.EntityFrameworkCore.Update.Internal.BatchExecutor.ExecuteAsync(IEnumerable`1 commandBatches, IRelationalConnection connection, CancellationToken cancellationToken)
   at Microsoft.EntityFrameworkCore.Storage.RelationalDatabase.SaveChangesAsync(IList`1 entries, CancellationToken cancellationToken)
   at Microsoft.EntityFrameworkCore.ChangeTracking.Internal.StateManager.SaveChangesAsync(IList`1 entriesToSave, CancellationToken cancellationToken)
   at Microsoft.EntityFrameworkCore.ChangeTracking.Internal.StateManager.SaveChangesAsync(StateManager stateManager, Boolean acceptAllChangesOnSuccess, CancellationToken cancellationToken)
   at Microsoft.EntityFrameworkCore.Storage.ExecutionStrategy.&lt;&gt;c__DisplayClass30_0`2.&lt;&lt;ExecuteAsync&gt;b__0&gt;d.MoveNext()
--- End of stack trace from previous location ---
   at Microsoft.EntityFrameworkCore.Storage.ExecutionStrategy.ExecuteImplementationAsync[TState,TResult](Func`4 operation, Func`4 verifySucceeded, TState state, CancellationToken cancellationToken)
   at Microsoft.EntityFrameworkCore.Storage.ExecutionStrategy.ExecuteImplementationAsync[TState,TResult](Func`4 operation, Func`4 verifySucceeded, TState state, CancellationToken cancellationToken)
   at Microsoft.EntityFrameworkCore.Storage.ExecutionStrategy.ExecuteAsync[TState,TResult](TState state, Func`4 operation, Func`4 verifySucceeded, CancellationToken cancellationToken)
   at Microsoft.EntityFrameworkCore.DbContext.SaveChangesAsync(Boolean acceptAllChangesOnSuccess, CancellationToken cancellationToken)
   at Microsoft.EntityFrameworkCore.DbContext.SaveChangesAsync(Boolean acceptAllChangesOnSuccess, CancellationToken cancellationToken)
   at Pitbull.Core.Data.PitbullDbContext.SaveChangesAsync(CancellationToken cancellationToken) in /mnt/c/pitbull/src/Modules/Pitbull.Core/Data/PitbullDbContext.cs:line 131
   at Pitbull.Bids.Features.CreateBid.CreateBidHandler.Handle(CreateBidCommand request, CancellationToken cancellationToken) in /mnt/c/pitbull/src/Modules/Pitbull.Bids/Features/CreateBid/CreateBidHandler.cs:line 42
   at Pitbull.Core.CQRS.ValidationBehavior`2.Handle(TRequest request, RequestHandlerDelegate`1 next, CancellationToken cancellationToken) in /mnt/c/pitbull/src/Modules/Pitbull.Core/CQRS/ValidationBehavior.cs:line 40
   at Pitbull.Api.Controllers.BidsController.Create(CreateBidCommand command) in /mnt/c/pitbull/src/Pitbull.Api/Controllers/BidsController.cs:line 73
   at Microsoft.AspNetCore.Mvc.Infrastructure.ActionMethodExecutor.TaskOfIActionResultExecutor.Execute(ActionContext actionContext, IActionResultTypeMapper mapper, ObjectMethodExecutor executor, Object controller, Object[] arguments)
   at Microsoft.AspNetCore.Mvc.Infrastructure.ControllerActionInvoker.&lt;InvokeActionMethodAsync&gt;g__Awaited|12_0(ControllerActionInvoker invoker, ValueTask`1 actionResultValueTask)
   at Microsoft.AspNetCore.Mvc.Infrastructure.ControllerActionInvoker.&lt;InvokeNextActionFilterAsync&gt;g__Awaited|10_0(ControllerActionInvoker invoker, Task lastTask, State next, Scope scope, Object state, Boolean isCompleted)
   at Microsoft.AspNetCore.Mvc.Infrastructure.ControllerActionInvoker.Rethrow(ActionExecutedContextSealed context)
   at Microsoft.AspNetCore.Mvc.Infrastructure.ControllerActionInvoker.Next(State&amp; next, Scope&amp; scope, Object&amp; state, Boolean&amp; isCompleted)
   at Microsoft.AspNetCore.Mvc.Infrastructure.ControllerActionInvoker.&lt;InvokeInnerFilterAsync&gt;g__Awaited|13_0(ControllerActionInvoker invoker, Task lastTask, State next, Scope scope, Object state, Boolean isCompleted)
   at Microsoft.AspNetCore.Mvc.Infrastructure.ResourceInvoker.&lt;InvokeFilterPipelineAsync&gt;g__Awaited|20_0(ResourceInvoker invoker, Task lastTask, State next, Scope scope, Object state, Boolean isCompleted)
   at Microsoft.AspNetCore.Mvc.Infrastructure.ResourceInvoker.&lt;InvokeAsync&gt;g__Logged|17_1(ResourceInvoker invoker)
   at Microsoft.AspNetCore.Mvc.Infrastructure.ResourceInvoker.&lt;InvokeAsync&gt;g__Logged|17_1(ResourceInvoker invoker)
   at Microsoft.AspNetCore.Routing.EndpointMiddleware.&lt;Invoke&gt;g__AwaitRequestTask|7_0(Endpoint endpoint, Task requestTask, ILogger logger)
   at Microsoft.AspNetCore.Authorization.AuthorizationMiddleware.Invoke(HttpContext context)
   at Pitbull.Core.MultiTenancy.TenantMiddleware.InvokeAsync(HttpContext context, TenantContext tenantContext, PitbullDbContext db) in /mnt/c/pitbull/src/Modules/Pitbull.Core/MultiTenancy/TenantMiddleware.cs:line 34
   at Microsoft.AspNetCore.Authentication.AuthenticationMiddleware.Invoke(HttpContext context)
   at Microsoft.AspNetCore.RateLimiting.RateLimitingMiddleware.InvokeInternal(HttpContext context, EnableRateLimitingAttribute enableRateLimitingAttribute)
   at Microsoft.AspNetCore.Http.Timeouts.RequestTimeoutsMiddleware.&lt;&gt;c__DisplayClass5_0.&lt;&lt;Invoke&gt;g__SetTimeoutAsync|0&gt;d.MoveNext()
--- End of stack trace from previous location ---
   at Serilog.AspNetCore.RequestLoggingMiddleware.Invoke(HttpContext httpContext)
[05:02:32 ERR] Request failed with exception. CorrelationId: 1990bb20-21b3-4fe2-a4ec-cc8b045e19f8
Microsoft.EntityFrameworkCore.DbUpdateException: An error occurred while saving the entity changes. See the inner exception for details.
 ---&gt; Npgsql.PostgresException (0x80004005): 42501: new row violates row-level security policy for table "bids"
   at Npgsql.Internal.NpgsqlConnector.ReadMessageLong(Boolean async, DataRowLoadingMode dataRowLoadingMode, Boolean readingNotifications, Boolean isReadingPrependedMessage)
   at System.Runtime.CompilerServices.PoolingAsyncValueTaskMethodBuilder`1.StateMachineBox`1.System.Threading.Tasks.Sources.IValueTaskSource&lt;TResult&gt;.GetResult(Int16 token)
   at Npgsql.NpgsqlDataReader.NextResult(Boolean async, Boolean isConsuming, CancellationToken cancellationToken)
   at Npgsql.NpgsqlDataReader.NextResult(Boolean async, Boolean isConsuming, CancellationToken cancellationToken)
   at Npgsql.NpgsqlCommand.ExecuteReader(Boolean async, CommandBehavior behavior, CancellationToken cancellationToken)
   at Npgsql.NpgsqlCommand.ExecuteReader(Boolean async, CommandBehavior behavior, CancellationToken cancellationToken)
   at Npgsql.NpgsqlCommand.ExecuteDbDataReaderAsync(CommandBehavior behavior, CancellationToken cancellationToken)
   at Microsoft.EntityFrameworkCore.Storage.RelationalCommand.ExecuteReaderAsync(RelationalCommandParameterObject parameterObject, CancellationToken cancellationToken)
   at Microsoft.EntityFrameworkCore.Storage.RelationalCommand.ExecuteReaderAsync(RelationalCommandParameterObject parameterObject, CancellationToken cancellationToken)
   at Microsoft.EntityFrameworkCore.Update.ReaderModificationCommandBatch.ExecuteAsync(IRelationalConnection connection, CancellationToken cancellationToken)
  Exception data:
    Severity: ERROR
    SqlState: 42501
    MessageText: new row violates row-level security policy for table "bids"
    File: execMain.c
    Line: 2199
    Routine: ExecWithCheckOptions
   --- End of inner exception stack trace ---
   at Microsoft.EntityFrameworkCore.Update.ReaderModificationCommandBatch.ExecuteAsync(IRelationalConnection connection, CancellationToken cancellationToken)
   at Microsoft.EntityFrameworkCore.Update.Internal.BatchExecutor.ExecuteAsync(IEnumerable`1 commandBatches, IRelationalConnection connection, CancellationToken cancellationToken)
   at Microsoft.EntityFrameworkCore.Update.Internal.BatchExecutor.ExecuteAsync(IEnumerable`1 commandBatches, IRelationalConnection connection, CancellationToken cancellationToken)
   at Microsoft.EntityFrameworkCore.Update.Internal.BatchExecutor.ExecuteAsync(IEnumerable`1 commandBatches, IRelationalConnection connection, CancellationToken cancellationToken)
   at Microsoft.EntityFrameworkCore.Storage.RelationalDatabase.SaveChangesAsync(IList`1 entries, CancellationToken cancellationToken)
   at Microsoft.EntityFrameworkCore.ChangeTracking.Internal.StateManager.SaveChangesAsync(IList`1 entriesToSave, CancellationToken cancellationToken)
   at Microsoft.EntityFrameworkCore.ChangeTracking.Internal.StateManager.SaveChangesAsync(StateManager stateManager, Boolean acceptAllChangesOnSuccess, CancellationToken cancellationToken)
   at Microsoft.EntityFrameworkCore.Storage.ExecutionStrategy.&lt;&gt;c__DisplayClass30_0`2.&lt;&lt;ExecuteAsync&gt;b__0&gt;d.MoveNext()
--- End of stack trace from previous location ---
   at Microsoft.EntityFrameworkCore.Storage.ExecutionStrategy.ExecuteImplementationAsync[TState,TResult](Func`4 operation, Func`4 verifySucceeded, TState state, CancellationToken cancellationToken)
   at Microsoft.EntityFrameworkCore.Storage.ExecutionStrategy.ExecuteImplementationAsync[TState,TResult](Func`4 operation, Func`4 verifySucceeded, TState state, CancellationToken cancellationToken)
   at Microsoft.EntityFrameworkCore.Storage.ExecutionStrategy.ExecuteAsync[TState,TResult](TState state, Func`4 operation, Func`4 verifySucceeded, CancellationToken cancellationToken)
   at Microsoft.EntityFrameworkCore.DbContext.SaveChangesAsync(Boolean acceptAllChangesOnSuccess, CancellationToken cancellationToken)
   at Microsoft.EntityFrameworkCore.DbContext.SaveChangesAsync(Boolean acceptAllChangesOnSuccess, CancellationToken cancellationToken)
   at Pitbull.Core.Data.PitbullDbContext.SaveChangesAsync(CancellationToken cancellationToken) in /mnt/c/pitbull/src/Modules/Pitbull.Core/Data/PitbullDbContext.cs:line 131
   at Pitbull.Bids.Features.CreateBid.CreateBidHandler.Handle(CreateBidCommand request, CancellationToken cancellationToken) in /mnt/c/pitbull/src/Modules/Pitbull.Bids/Features/CreateBid/CreateBidHandler.cs:line 42
   at Pitbull.Core.CQRS.ValidationBehavior`2.Handle(TRequest request, RequestHandlerDelegate`1 next, CancellationToken cancellationToken) in /mnt/c/pitbull/src/Modules/Pitbull.Core/CQRS/ValidationBehavior.cs:line 40
   at Pitbull.Api.Controllers.BidsController.Create(CreateBidCommand command) in /mnt/c/pitbull/src/Pitbull.Api/Controllers/BidsController.cs:line 73
   at Microsoft.AspNetCore.Mvc.Infrastructure.ActionMethodExecutor.TaskOfIActionResultExecutor.Execute(ActionContext actionContext, IActionResultTypeMapper mapper, ObjectMethodExecutor executor, Object controller, Object[] arguments)
   at Microsoft.AspNetCore.Mvc.Infrastructure.ControllerActionInvoker.&lt;InvokeActionMethodAsync&gt;g__Awaited|12_0(ControllerActionInvoker invoker, ValueTask`1 actionResultValueTask)
   at Microsoft.AspNetCore.Mvc.Infrastructure.ControllerActionInvoker.&lt;InvokeNextActionFilterAsync&gt;g__Awaited|10_0(ControllerActionInvoker invoker, Task lastTask, State next, Scope scope, Object state, Boolean isCompleted)
   at Microsoft.AspNetCore.Mvc.Infrastructure.ControllerActionInvoker.Rethrow(ActionExecutedContextSealed context)
   at Microsoft.AspNetCore.Mvc.Infrastructure.ControllerActionInvoker.Next(State&amp; next, Scope&amp; scope, Object&amp; state, Boolean&amp; isCompleted)
   at Microsoft.AspNetCore.Mvc.Infrastructure.ControllerActionInvoker.&lt;InvokeInnerFilterAsync&gt;g__Awaited|13_0(ControllerActionInvoker invoker, Task lastTask, State next, Scope scope, Object state, Boolean isCompleted)
   at Microsoft.AspNetCore.Mvc.Infrastructure.ResourceInvoker.&lt;InvokeFilterPipelineAsync&gt;g__Awaited|20_0(ResourceInvoker invoker, Task lastTask, State next, Scope scope, Object state, Boolean isCompleted)
   at Microsoft.AspNetCore.Mvc.Infrastructure.ResourceInvoker.&lt;InvokeAsync&gt;g__Logged|17_1(ResourceInvoker invoker)
   at Microsoft.AspNetCore.Mvc.Infrastructure.ResourceInvoker.&lt;InvokeAsync&gt;g__Logged|17_1(ResourceInvoker invoker)
   at Microsoft.AspNetCore.Routing.EndpointMiddleware.&lt;Invoke&gt;g__AwaitRequestTask|7_0(Endpoint endpoint, Task requestTask, ILogger logger)
   at Microsoft.AspNetCore.Authorization.AuthorizationMiddleware.Invoke(HttpContext context)
   at Pitbull.Core.MultiTenancy.TenantMiddleware.InvokeAsync(HttpContext context, TenantContext tenantContext, PitbullDbContext db) in /mnt/c/pitbull/src/Modules/Pitbull.Core/MultiTenancy/TenantMiddleware.cs:line 34
   at Microsoft.AspNetCore.Authentication.AuthenticationMiddleware.Invoke(HttpContext context)
   at Microsoft.AspNetCore.RateLimiting.RateLimitingMiddleware.InvokeInternal(HttpContext context, EnableRateLimitingAttribute enableRateLimitingAttribute)
   at Microsoft.AspNetCore.Http.Timeouts.RequestTimeoutsMiddleware.&lt;&gt;c__DisplayClass5_0.&lt;&lt;Invoke&gt;g__SetTimeoutAsync|0&gt;d.MoveNext()
--- End of stack trace from previous location ---
   at Serilog.AspNetCore.RequestLoggingMiddleware.Invoke(HttpContext httpContext)
   at Swashbuckle.AspNetCore.SwaggerUI.SwaggerUIMiddleware.Invoke(HttpContext httpContext)
   at Swashbuckle.AspNetCore.Swagger.SwaggerMiddleware.Invoke(HttpContext httpContext, ISwaggerProvider swaggerProvider)
   at Pitbull.Api.Middleware.RequestSizeLimitMiddleware.InvokeAsync(HttpContext context) in /mnt/c/pitbull/src/Pitbull.Api/Middleware/RequestSizeLimitMiddleware.cs:line 50
   at Pitbull.Api.Middleware.RequestResponseLoggingMiddleware.InvokeAsync(HttpContext context) in /mnt/c/pitbull/src/Pitbull.Api/Middleware/RequestResponseLoggingMiddleware.cs:line 31
[05:02:32 ERR] Request failed with exception. CorrelationId: 1990bb20-21b3-4fe2-a4ec-cc8b045e19f8
Microsoft.EntityFrameworkCore.DbUpdateException: An error occurred while saving the entity changes. See the inner exception for details.
 ---&gt; Npgsql.PostgresException (0x80004005): 42501: new row violates row-level security policy for table "bids"
   at Npgsql.Internal.NpgsqlConnector.ReadMessageLong(Boolean async, DataRowLoadingMode dataRowLoadingMode, Boolean readingNotifications, Boolean isReadingPrependedMessage)
   at System.Runtime.CompilerServices.PoolingAsyncValueTaskMethodBuilder`1.StateMachineBox`1.System.Threading.Tasks.Sources.IValueTaskSource&lt;TResult&gt;.GetResult(Int16 token)
   at Npgsql.NpgsqlDataReader.NextResult(Boolean async, Boolean isConsuming, CancellationToken cancellationToken)
   at Npgsql.NpgsqlDataReader.NextResult(Boolean async, Boolean isConsuming, CancellationToken cancellationToken)
   at Npgsql.NpgsqlCommand.ExecuteReader(Boolean async, CommandBehavior behavior, CancellationToken cancellationToken)
   at Npgsql.NpgsqlCommand.ExecuteReader(Boolean async, CommandBehavior behavior, CancellationToken cancellationToken)
   at Npgsql.NpgsqlCommand.ExecuteDbDataReaderAsync(CommandBehavior behavior, CancellationToken cancellationToken)
   at Microsoft.EntityFrameworkCore.Storage.RelationalCommand.ExecuteReaderAsync(RelationalCommandParameterObject parameterObject, CancellationToken cancellationToken)
   at Microsoft.EntityFrameworkCore.Storage.RelationalCommand.ExecuteReaderAsync(RelationalCommandParameterObject parameterObject, CancellationToken cancellationToken)
   at Microsoft.EntityFrameworkCore.Update.ReaderModificationCommandBatch.ExecuteAsync(IRelationalConnection connection, CancellationToken cancellationToken)
  Exception data:
    Severity: ERROR
    SqlState: 42501
    MessageText: new row violates row-level security policy for table "bids"
    File: execMain.c
    Line: 2199
    Routine: ExecWithCheckOptions
   --- End of inner exception stack trace ---
   at Microsoft.EntityFrameworkCore.Update.ReaderModificationCommandBatch.ExecuteAsync(IRelationalConnection connection, CancellationToken cancellationToken)
   at Microsoft.EntityFrameworkCore.Update.Internal.BatchExecutor.ExecuteAsync(IEnumerable`1 commandBatches, IRelationalConnection connection, CancellationToken cancellationToken)
   at Microsoft.EntityFrameworkCore.Update.Internal.BatchExecutor.ExecuteAsync(IEnumerable`1 commandBatches, IRelationalConnection connection, CancellationToken cancellationToken)
   at Microsoft.EntityFrameworkCore.Update.Internal.BatchExecutor.ExecuteAsync(IEnumerable`1 commandBatches, IRelationalConnection connection, CancellationToken cancellationToken)
   at Microsoft.EntityFrameworkCore.Storage.RelationalDatabase.SaveChangesAsync(IList`1 entries, CancellationToken cancellationToken)
   at Microsoft.EntityFrameworkCore.ChangeTracking.Internal.StateManager.SaveChangesAsync(IList`1 entriesToSave, CancellationToken cancellationToken)
   at Microsoft.EntityFrameworkCore.ChangeTracking.Internal.StateManager.SaveChangesAsync(StateManager stateManager, Boolean acceptAllChangesOnSuccess, CancellationToken cancellationToken)
   at Microsoft.EntityFrameworkCore.Storage.ExecutionStrategy.&lt;&gt;c__DisplayClass30_0`2.&lt;&lt;ExecuteAsync&gt;b__0&gt;d.MoveNext()
--- End of stack trace from previous location ---
   at Microsoft.EntityFrameworkCore.Storage.ExecutionStrategy.ExecuteImplementationAsync[TState,TResult](Func`4 operation, Func`4 verifySucceeded, TState state, CancellationToken cancellationToken)
   at Microsoft.EntityFrameworkCore.Storage.ExecutionStrategy.ExecuteImplementationAsync[TState,TResult](Func`4 operation, Func`4 verifySucceeded, TState state, CancellationToken cancellationToken)
   at Microsoft.EntityFrameworkCore.Storage.ExecutionStrategy.ExecuteAsync[TState,TResult](TState state, Func`4 operation, Func`4 verifySucceeded, CancellationToken cancellationToken)
   at Microsoft.EntityFrameworkCore.DbContext.SaveChangesAsync(Boolean acceptAllChangesOnSuccess, CancellationToken cancellationToken)
   at Microsoft.EntityFrameworkCore.DbContext.SaveChangesAsync(Boolean acceptAllChangesOnSuccess, CancellationToken cancellationToken)
   at Pitbull.Core.Data.PitbullDbContext.SaveChangesAsync(CancellationToken cancellationToken) in /mnt/c/pitbull/src/Modules/Pitbull.Core/Data/PitbullDbContext.cs:line 131
   at Pitbull.Bids.Features.CreateBid.CreateBidHandler.Handle(CreateBidCommand request, CancellationToken cancellationToken) in /mnt/c/pitbull/src/Modules/Pitbull.Bids/Features/CreateBid/CreateBidHandler.cs:line 42
   at Pitbull.Core.CQRS.ValidationBehavior`2.Handle(TRequest request, RequestHandlerDelegate`1 next, CancellationToken cancellationToken) in /mnt/c/pitbull/src/Modules/Pitbull.Core/CQRS/ValidationBehavior.cs:line 40
   at Pitbull.Api.Controllers.BidsController.Create(CreateBidCommand command) in /mnt/c/pitbull/src/Pitbull.Api/Controllers/BidsController.cs:line 73
   at Microsoft.AspNetCore.Mvc.Infrastructure.ActionMethodExecutor.TaskOfIActionResultExecutor.Execute(ActionContext actionContext, IActionResultTypeMapper mapper, ObjectMethodExecutor executor, Object controller, Object[] arguments)
   at Microsoft.AspNetCore.Mvc.Infrastructure.ControllerActionInvoker.&lt;InvokeActionMethodAsync&gt;g__Awaited|12_0(ControllerActionInvoker invoker, ValueTask`1 actionResultValueTask)
   at Microsoft.AspNetCore.Mvc.Infrastructure.ControllerActionInvoker.&lt;InvokeNextActionFilterAsync&gt;g__Awaited|10_0(ControllerActionInvoker invoker, Task lastTask, State next, Scope scope, Object state, Boolean isCompleted)
   at Microsoft.AspNetCore.Mvc.Infrastructure.ControllerActionInvoker.Rethrow(ActionExecutedContextSealed context)
   at Microsoft.AspNetCore.Mvc.Infrastructure.ControllerActionInvoker.Next(State&amp; next, Scope&amp; scope, Object&amp; state, Boolean&amp; isCompleted)
   at Microsoft.AspNetCore.Mvc.Infrastructure.ControllerActionInvoker.&lt;InvokeInnerFilterAsync&gt;g__Awaited|13_0(ControllerActionInvoker invoker, Task lastTask, State next, Scope scope, Object state, Boolean isCompleted)
   at Microsoft.AspNetCore.Mvc.Infrastructure.ResourceInvoker.&lt;InvokeFilterPipelineAsync&gt;g__Awaited|20_0(ResourceInvoker invoker, Task lastTask, State next, Scope scope, Object state, Boolean isCompleted)
   at Microsoft.AspNetCore.Mvc.Infrastructure.ResourceInvoker.&lt;InvokeAsync&gt;g__Logged|17_1(ResourceInvoker invoker)
   at Microsoft.AspNetCore.Mvc.Infrastructure.ResourceInvoker.&lt;InvokeAsync&gt;g__Logged|17_1(ResourceInvoker invoker)
   at Microsoft.AspNetCore.Routing.EndpointMiddleware.&lt;Invoke&gt;g__AwaitRequestTask|7_0(Endpoint endpoint, Task requestTask, ILogger logger)
   at Microsoft.AspNetCore.Authorization.AuthorizationMiddleware.Invoke(HttpContext context)
   at Pitbull.Core.MultiTenancy.TenantMiddleware.InvokeAsync(HttpContext context, TenantContext tenantContext, PitbullDbContext db) in /mnt/c/pitbull/src/Modules/Pitbull.Core/MultiTenancy/TenantMiddleware.cs:line 34
   at Microsoft.AspNetCore.Authentication.AuthenticationMiddleware.Invoke(HttpContext context)
   at Microsoft.AspNetCore.RateLimiting.RateLimitingMiddleware.InvokeInternal(HttpContext context, EnableRateLimitingAttribute enableRateLimitingAttribute)
   at Microsoft.AspNetCore.Http.Timeouts.RequestTimeoutsMiddleware.&lt;&gt;c__DisplayClass5_0.&lt;&lt;Invoke&gt;g__SetTimeoutAsync|0&gt;d.MoveNext()
--- End of stack trace from previous location ---
   at Serilog.AspNetCore.RequestLoggingMiddleware.Invoke(HttpContext httpContext)
   at Swashbuckle.AspNetCore.SwaggerUI.SwaggerUIMiddleware.Invoke(HttpContext httpContext)
   at Swashbuckle.AspNetCore.Swagger.SwaggerMiddleware.Invoke(HttpContext httpContext, ISwaggerProvider swaggerProvider)
   at Pitbull.Api.Middleware.RequestSizeLimitMiddleware.InvokeAsync(HttpContext context) in /mnt/c/pitbull/src/Pitbull.Api/Middleware/RequestSizeLimitMiddleware.cs:line 50
   at Pitbull.Api.Middleware.RequestResponseLoggingMiddleware.InvokeAsync(HttpContext context) in /mnt/c/pitbull/src/Pitbull.Api/Middleware/RequestResponseLoggingMiddleware.cs:line 31
[...]
   at Pitbull.Api.Middleware.RequestResponseLoggingMiddleware.InvokeAsync(HttpContext context) in /mnt/c/pitbull/src/Pitbull.Api/Middleware/RequestResponseLoggingMiddleware.cs:line 50
   at Pitbull.Api.Middleware.CorrelationIdMiddleware.InvokeAsync(HttpContext context) in /mnt/c/pitbull/src/Pitbull.Api/Middleware/CorrelationIdMiddleware.cs:line 24
   at Pitbull.Api.Middleware.SecurityHeadersMiddleware.InvokeAsync(HttpContext context) in /mnt/c/pitbull/src/Pitbull.Api/Middleware/SecurityHeadersMiddleware.cs:line 38
   at Pitbull.Api.Middleware.ExceptionMiddleware.InvokeAsync(HttpContext context) in /mnt/c/pitbull/src/Pitbull.Api/Middleware/ExceptionMiddleware.cs:line 12
[05:02:32 ERR] Unhandled exception. TraceId: 0HNJ4MR9HQJM5 CorrelationId: 1990bb20-21b3-4fe2-a4ec-cc8b045e19f8
Microsoft.EntityFrameworkCore.DbUpdateException: An error occurred while saving the entity changes. See the inner exception for details.
 ---&gt; Npgsql.PostgresException (0x80004005): 42501: new row violates row-level security policy for table "bids"
   at Npgsql.Internal.NpgsqlConnector.ReadMessageLong(Boolean async, DataRowLoadingMode dataRowLoadingMode, Boolean readingNotifications, Boolean isReadingPrependedMessage)
   at System.Runtime.CompilerServices.PoolingAsyncValueTaskMethodBuilder`1.StateMachineBox`1.System.Threading.Tasks.Sources.IValueTaskSource&lt;TResult&gt;.GetResult(Int16 token)
   at Npgsql.NpgsqlDataReader.NextResult(Boolean async, Boolean isConsuming, CancellationToken cancellationToken)
   at Npgsql.NpgsqlDataReader.NextResult(Boolean async, Boolean isConsuming, CancellationToken cancellationToken)
   at Npgsql.NpgsqlCommand.ExecuteReader(Boolean async, CommandBehavior behavior, CancellationToken cancellationToken)
   at Npgsql.NpgsqlCommand.ExecuteReader(Boolean async, CommandBehavior behavior, CancellationToken cancellationToken)
   at Npgsql.NpgsqlCommand.ExecuteDbDataReaderAsync(CommandBehavior behavior, CancellationToken cancellationToken)
   at Microsoft.EntityFrameworkCore.Storage.RelationalCommand.ExecuteReaderAsync(RelationalCommandParameterObject parameterObject, CancellationToken cancellationToken)
   at Microsoft.EntityFrameworkCore.Storage.RelationalCommand.ExecuteReaderAsync(RelationalCommandParameterObject parameterObject, CancellationToken cancellationToken)
   at Microsoft.EntityFrameworkCore.Update.ReaderModificationCommandBatch.ExecuteAsync(IRelationalConnection connection, CancellationToken cancellationToken)
  Exception data:
    Severity: ERROR
    SqlState: 42501
    MessageText: new row violates row-level security policy for table "bids"
    File: execMain.c
    Line: 2199
    Routine: ExecWithCheckOptions
   --- End of inner exception stack trace ---
   at Microsoft.EntityFrameworkCore.Update.ReaderModificationCommandBatch.ExecuteAsync(IRelationalConnection connection, CancellationToken cancellationToken)
   at Microsoft.EntityFrameworkCore.Update.Internal.BatchExecutor.ExecuteAsync(IEnumerable`1 commandBatches, IRelationalConnection connection, CancellationToken cancellationToken)
   at Microsoft.EntityFrameworkCore.Update.Internal.BatchExecutor.ExecuteAsync(IEnumerable`1 commandBatches, IRelationalConnection connection, CancellationToken cancellationToken)
   at Microsoft.EntityFrameworkCore.Update.Internal.BatchExecutor.ExecuteAsync(IEnumerable`1 commandBatches, IRelationalConnection connection, CancellationToken cancellationToken)
   at Microsoft.EntityFrameworkCore.Storage.RelationalDatabase.SaveChangesAsync(IList`1 entries, CancellationToken cancellationToken)
   at Microsoft.EntityFrameworkCore.ChangeTracking.Internal.StateManager.SaveChangesAsync(IList`1 entriesToSave, CancellationToken cancellationToken)
   at Microsoft.EntityFrameworkCore.ChangeTracking.Internal.StateManager.SaveChangesAsync(StateManager stateManager, Boolean acceptAllChangesOnSuccess, CancellationToken cancellationToken)
   at Microsoft.EntityFrameworkCore.Storage.ExecutionStrategy.&lt;&gt;c__DisplayClass30_0`2.&lt;&lt;ExecuteAsync&gt;b__0&gt;d.MoveNext()
--- End of stack trace from previous location ---
   at Microsoft.EntityFrameworkCore.Storage.ExecutionStrategy.ExecuteImplementationAsync[TState,TResult](Func`4 operation, Func`4 verifySucceeded, TState state, CancellationToken cancellationToken)
   at Microsoft.EntityFrameworkCore.Storage.ExecutionStrategy.ExecuteImplementationAsync[TState,TResult](Func`4 operation, Func`4 verifySucceeded, TState state, CancellationToken cancellationToken)
   at Microsoft.EntityFrameworkCore.Storage.ExecutionStrategy.ExecuteAsync[TState,TResult](TState state, Func`4 operation, Func`4 verifySucceeded, CancellationToken cancellationToken)
   at Microsoft.EntityFrameworkCore.DbContext.SaveChangesAsync(Boolean acceptAllChangesOnSuccess, CancellationToken cancellationToken)
   at Microsoft.EntityFrameworkCore.DbContext.SaveChangesAsync(Boolean acceptAllChangesOnSuccess, CancellationToken cancellationToken)
   at Pitbull.Core.Data.PitbullDbContext.SaveChangesAsync(CancellationToken cancellationToken) in /mnt/c/pitbull/src/Modules/Pitbull.Core/Data/PitbullDbContext.cs:line 131
   at Pitbull.Bids.Features.CreateBid.CreateBidHandler.Handle(CreateBidCommand request, CancellationToken cancellationToken) in /mnt/c/pitbull/src/Modules/Pitbull.Bids/Features/CreateBid/CreateBidHandler.cs:line 42
   at Pitbull.Core.CQRS.ValidationBehavior`2.Handle(TRequest request, RequestHandlerDelegate`1 next, CancellationToken cancellationToken) in /mnt/c/pitbull/src/Modules/Pitbull.Core/CQRS/ValidationBehavior.cs:line 40
   at Pitbull.Api.Controllers.BidsController.Create(CreateBidCommand command) in /mnt/c/pitbull/src/Pitbull.Api/Controllers/BidsController.cs:line 73
   at Microsoft.AspNetCore.Mvc.Infrastructure.ActionMethodExecutor.TaskOfIActionResultExecutor.Execute(ActionContext actionContext, IActionResultTypeMapper mapper, ObjectMethodExecutor executor, Object controller, Object[] arguments)
   at Microsoft.AspNetCore.Mvc.Infrastructure.ControllerActionInvoker.&lt;InvokeActionMethodAsync&gt;g__Awaited|12_0(ControllerActionInvoker invoker, ValueTask`1 actionResultValueTask)
   at Microsoft.AspNetCore.Mvc.Infrastructure.ControllerActionInvoker.&lt;InvokeNextActionFilterAsync&gt;g__Awaited|10_0(ControllerActionInvoker invoker, Task lastTask, State next, Scope scope, Object state, Boolean isCompleted)
   at Microsoft.AspNetCore.Mvc.Infrastructure.ControllerActionInvoker.Rethrow(ActionExecutedContextSealed context)
   at Microsoft.AspNetCore.Mvc.Infrastructure.ControllerActionInvoker.Next(State&amp; next, Scope&amp; scope, Object&amp; state, Boolean&amp; isCompleted)
   at Microsoft.AspNetCore.Mvc.Infrastructure.ControllerActionInvoker.&lt;InvokeInnerFilterAsync&gt;g__Awaited|13_0(ControllerActionInvoker invoker, Task lastTask, State next, Scope scope, Object state, Boolean isCompleted)
   at Microsoft.AspNetCore.Mvc.Infrastructure.ResourceInvoker.&lt;InvokeFilterPipelineAsync&gt;g__Awaited|20_0(ResourceInvoker invoker, Task lastTask, State next, Scope scope, Object state, Boolean isCompleted)
   at Microsoft.AspNetCore.Mvc.Infrastructure.ResourceInvoker.&lt;InvokeAsync&gt;g__Logged|17_1(ResourceInvoker invoker)
   at Microsoft.AspNetCore.Mvc.Infrastructure.ResourceInvoker.&lt;InvokeAsync&gt;g__Logged|17_1(ResourceInvoker invoker)
   at Microsoft.AspNetCore.Routing.EndpointMiddleware.&lt;Invoke&gt;g__AwaitRequestTask|7_0(Endpoint endpoint, Task requestTask, ILogger logger)
   at Microsoft.AspNetCore.Authorization.AuthorizationMiddleware.Invoke(HttpContext context)
   at Pitbull.Core.MultiTenancy.TenantMiddleware.InvokeAsync(HttpContext context, TenantContext tenantContext, PitbullDbContext db) in /mnt/c/pitbull/src/Modules/Pitbull.Core/MultiTenancy/TenantMiddleware.cs:line 34
   at Microsoft.AspNetCore.Authentication.AuthenticationMiddleware.Invoke(HttpContext context)
   at Microsoft.AspNetCore.RateLimiting.RateLimitingMiddleware.InvokeInternal(HttpContext context, EnableRateLimitingAttribute enableRateLimitingAttribute)
   at Microsoft.AspNetCore.Http.Timeouts.RequestTimeoutsMiddleware.&lt;&gt;c__DisplayClass5_0.&lt;&lt;Invoke&gt;g__SetTimeoutAsync|0&gt;d.MoveNext()
--- End of stack trace from previous location ---
   at Serilog.AspNetCore.RequestLoggingMiddleware.Invoke(HttpContext httpContext)
   at Swashbuckle.AspNetCore.SwaggerUI.SwaggerUIMiddleware.Invoke(HttpContext httpContext)
   at Swashbuckle.AspNetCore.Swagger.SwaggerMiddleware.Invoke(HttpContext httpContext, ISwaggerProvider swaggerProvider)
   at Pitbull.Api.Middleware.RequestSizeLimitMiddleware.InvokeAsync(HttpContext context) in /mnt/c/pitbull/src/Pitbull.Api/Middleware/RequestSizeLimitMiddleware.cs:line 50
   at Pitbull.Api.Middleware.RequestResponseLoggingMiddleware.InvokeAsync(HttpContext context) in /mnt/c/pitbull/src/Pitbull.Api/Middleware/RequestResponseLoggingMiddleware.cs:line 31
   at Pitbull.Api.Middleware.RequestResponseLoggingMiddleware.InvokeAsync(HttpContext context) in /mnt/c/pitbull/src/Pitbull.Api/Middleware/RequestResponseLoggingMiddleware.cs:line 50
   at Pitbull.Api.Middleware.CorrelationIdMiddleware.InvokeAsync(HttpContext context) in /mnt/c/pitbull/src/Pitbull.Api/Middleware/CorrelationIdMiddleware.cs:line 24
   at Pitbull.Api.Middleware.SecurityHeadersMiddleware.InvokeAsync(HttpContext context) in /mnt/c/pitbull/src/Pitbull.Api/Middleware/SecurityHeadersMiddleware.cs:line 38
   at Pitbull.Api.Middleware.ExceptionMiddleware.InvokeAsync(HttpContext context) in /mnt/c/pitbull/src/Pitbull.Api/Middleware/ExceptionMiddleware.cs:line 12
[05:02:32 INF] Request finished HTTP/1.1 POST http://localhost/api/bids - 500 null application/json 184.0326ms
[05:02:32 INF] Request finished HTTP/1.1 POST http://localhost/api/bids - 500 null application/json 184.0326ms
[05:02:32 DBG] Hosting stopping
[05:02:32 DBG] Hosting stopping
[05:02:32 DBG] Hosting stopping
[05:02:32 DBG] Hosting stopping
[05:02:32 DBG] Hosting stopped
[05:02:32 DBG] Hosting stopped
[05:02:32 DBG] Hosting stopped
[05:02:32 DBG] Hosting stopped
[xUnit.net 00:00:05.23]       Expected 201 Created but got 500 InternalServerError. Body: {"error":"An unexpected error occurred","traceId":"0HNJ4MR9HQJM5","correlationId":"1990bb20-21b3-4fe2-a4ec-cc8b045e19f8","exception":"Microsoft.EntityFrameworkCore.DbUpdateException: An error occurred while saving the entity changes. See the inner exception for details.\n ---\u003E Npgsql.PostgresException (0x80004005): 42501: new row violates row-level security policy for table \u0022bids\u0022\n   at Npgsql.Internal.NpgsqlConnector.ReadMessageLong(Boolean async, DataRowLoadingMode dataRowLoadingMode, Boolean readingNotifications, Boolean isReadingPrependedMessage)\n   at System.Runtime.CompilerServices.PoolingAsyncValueTaskMethodBuilder\u00601.StateMachineBox\u00601.System.Threading.Tasks.Sources.IValueTaskSource\u003CTResult\u003E.GetResult(Int16 token)\n   at Npgsql.NpgsqlDataReader.NextResult(Boolean async, Boolean isConsuming, CancellationToken cancellationToken)\n   at Npgsql.NpgsqlDataReader.NextResult(Boolean async, Boolean isConsuming, CancellationToken cancellationToken)\n   at Npgsql.NpgsqlCommand.ExecuteReader(Boolean async, CommandBehavior behavior, CancellationToken cancellationToken)\n   at Npgsql.NpgsqlCommand.ExecuteReader(Boolean async, CommandBehavior behavior, CancellationToken cancellationToken)\n   at Npgsql.NpgsqlCommand.ExecuteDbDataReaderAsync(CommandBehavior behavior, CancellationToken cancellationToken)\n   at Microsoft.EntityFrameworkCore.Storage.RelationalCommand.ExecuteReaderAsync(RelationalCommandParameterObject parameterObject, CancellationToken cancellationToken)\n   at Microsoft.EntityFrameworkCore.Storage.RelationalCommand.ExecuteReaderAsync(RelationalCommandParameterObject parameterObject, CancellationToken cancellationToken)\n   at Microsoft.EntityFrameworkCore.Update.ReaderModificationCommandBatch.ExecuteAsync(IRelationalConnection connection, CancellationToken cancellationToken)\n  Exception data:\n    Severity: ERROR\n    SqlState: 42501\n    MessageText: new row violates row-level security policy for table \u0022bids\u0022\n    File: execMain.c\n    Line: 2199\n    Routine: ExecWithCheckOptions\n   --- End of inner exception stack trace ---\n   at Microsoft.EntityFrameworkCore.Update.ReaderModificationCommandBatch.ExecuteAsync(IRelationalConnection connection, CancellationToken cancellationToken)\n   at Microsoft.EntityFrameworkCore.Update.Internal.BatchExecutor.ExecuteAsync(IEnumerable\u00601 commandBatches, IRelationalConnection connection, CancellationToken cancellationToken)\n   at Microsoft.EntityFrameworkCore.Update.Internal.BatchExecutor.ExecuteAsync(IEnumerable\u00601 commandBatches, IRelationalConnection connection, CancellationToken cancellationToken)\n   at Microsoft.EntityFrameworkCore.Update.Internal.BatchExecutor.ExecuteAsync(IEnumerable\u00601 commandBatches, IRelationalConnection connection, CancellationToken cancellationToken)\n   at Microsoft.EntityFrameworkCore.Storage.RelationalDatabase.SaveChangesAsync(IList\u00601 entries, CancellationToken cancellationToken)\n   at Microsoft.EntityFrameworkCore.ChangeTracking.Internal.StateManager.SaveChangesAsync(IList\u00601 entriesToSave, CancellationToken cancellationToken)\n   at Microsoft.EntityFrameworkCore.ChangeTracking.Internal.StateManager.SaveChangesAsync(StateManager stateManager, Boolean acceptAllChangesOnSuccess, CancellationToken cancellationToken)\n   at Microsoft.EntityFrameworkCore.Storage.ExecutionStrategy.\u003C\u003Ec__DisplayClass30_0\u00602.\u003C\u003CExecuteAsync\u003Eb__0\u003Ed.MoveNext()\n--- End of stack trace from previous location ---\n   at Microsoft.EntityFrameworkCore.Storage.ExecutionStrategy.ExecuteImplementationAsync[TState,TResult](Func\u00604 operation, Func\u00604 verifySucceeded, TState state, CancellationToken cancellationToken)\n   at Microsoft.EntityFrameworkCore.Storage.ExecutionStrategy.ExecuteImplementationAsync[TState,TResult](Func\u00604 operation, Func\u00604 verifySucceeded, TState state, CancellationToken cancellationToken)\n   at Microsoft.EntityFrameworkCore.Storage.ExecutionStrategy.ExecuteAsync[TState,TResult](TState state, Func\u00604 operation, Func\u00604 verifySucceeded, CancellationToken cancellationToken)\n   at Microsoft.EntityFrameworkCore.DbContext.SaveChangesAsync(Boolean acceptAllChangesOnSuccess, CancellationToken cancellationToken)\n   at Microsoft.EntityFrameworkCore.DbContext.SaveChangesAsync(Boolean acceptAllChangesOnSuccess, CancellationToken cancellationToken)\n   at Pitbull.Core.Data.PitbullDbContext.SaveChangesAsync(CancellationToken cancellationToken) in /mnt/c/pitbull/src/Modules/Pitbull.Core/Data/PitbullDbContext.cs:line 131\n   at Pitbull.Bids.Features.CreateBid.CreateBidHandler.Handle(CreateBidCommand request, CancellationToken cancellationToken) in /mnt/c/pitbull/src/Modules/Pitbull.Bids/Features/CreateBid/CreateBidHandler.cs:line 42\n   at Pitbull.Core.CQRS.ValidationBehavior\u00602.Handle(TRequest request, RequestHandlerDelegate\u00601 next, CancellationToken cancellationToken) in /mnt/c/pitbull/src/Modules/Pitbull.Core/CQRS/ValidationBehavior.cs:line 40\n   at Pitbull.Api.Controllers.BidsController.Create(CreateBidCommand command) in /mnt/c/pitbull/src/Pitbull.Api/Controllers/BidsController.cs:line 73\n   at Microsoft.AspNetCore.Mvc.Infrastructure.ActionMethodExecutor.TaskOfIActionResultExecutor.Execute(ActionContext actionContext, IActionResultTypeMapper mapper, ObjectMethodExecutor executor, Object controller, Object[] arguments)\n   at Microsoft.AspNetCore.Mvc.Infrastructure.ControllerActionInvoker.\u003CInvokeActionMethodAsync\u003Eg__Awaited|12_0(ControllerActionInvoker invoker, ValueTask\u00601 actionResultValueTask)\n   at Microsoft.AspNetCore.Mvc.Infrastructure.ControllerActionInvoker.\u003CInvokeNextActionFilterAsync\u003Eg__Awaited|10_0(ControllerActionInvoker invoker, Task lastTask, State next, Scope scope, Object state, Boolean isCompleted)\n   at Microsoft.AspNetCore.Mvc.Infrastructure.ControllerActionInvoker.Rethrow(ActionExecutedContextSealed context)\n   at Microsoft.AspNetCore.Mvc.Infrastructure.ControllerActionInvoker.Next(State\u0026 next, Scope\u0026 scope, Object\u0026 state, Boolean\u0026 isCompleted)\n   at Microsoft.AspNetCore.Mvc.Infrastructure.ControllerActionInvoker.\u003CInvokeInnerFilterAsync\u003Eg__Awaited|13_0(ControllerActionInvoker invoker, Task lastTask, State next, Scope scope, Object state, Boolean isCompleted)\n   at Microsoft.AspNetCore.Mvc.Infrastructure.ResourceInvoker.\u003CInvokeFilterPipelineAsync\u003Eg__Awaited|20_0(ResourceInvoker invoker, Task lastTask, State next, Scope scope, Object state, Boolean isCompleted)\n   at Microsoft.AspNetCore.Mvc.Infrastructure.ResourceInvoker.\u003CInvokeAsync\u003Eg__Logged|17_1(ResourceInvoker invoker)\n   at Microsoft.AspNetCore.Mvc.Infrastructure.ResourceInvoker.\u003CInvokeAsync\u003Eg__Logged|17_1(ResourceInvoker invoker)\n   at Microsoft.AspNetCore.Routing.EndpointMiddleware.\u003CInvoke\u003Eg__AwaitRequestTask|7_0(Endpoint endpoint, Task requestTask, ILogger logger)\n   at Microsoft.AspNetCore.Authorization.AuthorizationMiddleware.Invoke(HttpContext context)\n   at Pitbull.Core.MultiTenancy.TenantMiddleware.InvokeAsync(HttpContext context, TenantContext tenantContext, PitbullDbContext db) in /mnt/c/pitbull/src/Modules/Pitbull.Core/MultiTenancy/TenantMiddleware.cs:line 34\n   at Microsoft.AspNetCore.Authentication.AuthenticationMiddleware.Invoke(HttpContext context)\n   at Microsoft.AspNetCore.RateLimiting.RateLimitingMiddleware.InvokeInternal(HttpContext context, EnableRateLimitingAttribute enableRateLimitingAttribute)\n   at Microsoft.AspNetCore.Http.Timeouts.RequestTimeoutsMiddleware.\u003C\u003Ec__DisplayClass5_0.\u003C\u003CInvoke\u003Eg__SetTimeoutAsync|0\u003Ed.MoveNext()\n--- End of stack trace from previous location ---\n   at Serilog.AspNetCore.RequestLoggingMiddleware.Invoke(HttpContext httpContext)\n   at Swashbuckle.AspNetCore.SwaggerUI.SwaggerUIMiddleware.Invoke(HttpContext httpContext)\n   at Swashbuckle.AspNetCore.Swagger.SwaggerMiddleware.Invoke(HttpContext httpContext, ISwaggerProvider swaggerProvider)\n   at Pitbull.Api.Middleware.RequestSizeLimitMiddleware.InvokeAsync(HttpContext context) in /mnt/c/pitbull/src/Pitbull.Api/Middleware/RequestSizeLimitMiddleware.cs:line 50\n   at Pitbull.Api.Middleware.RequestResponseLoggingMiddleware.InvokeAsync(HttpContext context) in /mnt/c/pitbull/src/Pitbull.Api/Middleware/RequestResponseLoggingMiddleware.cs:line 31\n   at Pitbull.Api.Middleware.RequestResponseLoggingMiddleware.InvokeAsync(HttpContext context) in /mnt/c/pitbull/src/Pitbull.Api/Middleware/RequestResponseLoggingMiddleware.cs:line 50\n   at Pitbull.Api.Middleware.CorrelationIdMiddleware.InvokeAsync(HttpContext context) in /mnt/c/pitbull/src/Pitbull.Api/Middleware/CorrelationIdMiddleware.cs:line 24\n   at Pitbull.Api.Middleware.SecurityHeadersMiddleware.InvokeAsync(HttpContext context) in /mnt/c/pitbull/src/Pitbull.Api/Middleware/SecurityHeadersMiddleware.cs:line 38\n   at Pitbull.Api.Middleware.ExceptionMiddleware.InvokeAsync(HttpContext context) in /mnt/c/pitbull/src/Pitbull.Api/Middleware/ExceptionMiddleware.cs:line 12"}
[xUnit.net 00:00:05.23]       Stack Trace:
[xUnit.net 00:00:05.23]         /mnt/c/pitbull/tests/Pitbull.Tests.Integration/Api/BidsEndpointsTests.cs(69,0): at Pitbull.Tests.Integration.Api.BidsEndpointsTests.Can_create_get_and_list_bids_when_authenticated()
[xUnit.net 00:00:05.23]         --- End of stack trace from previous location ---
[testcontainers.org 00:00:05.09] Delete Docker container f2f9578e2042
[xUnit.net 00:00:05.54]   Finished:    Pitbull.Tests.Integration
</StdOut>
    </Output>
    <RunInfos>
      <RunInfo computerName="josh-pc" outcome="Error" timestamp="2026-02-05T05:02:32.9836012-08:00">
        <Text>[xUnit.net 00:00:05.22]     Pitbull.Tests.Integration.Api.BidsEndpointsTests.Can_create_get_and_list_bids_when_authenticated [FAIL]</Text>
      </RunInfo>
    </RunInfos>
  </ResultSummary>
</TestRun>